2024-11-30 22:19:43,931 -  * Restarting with stat
2024-11-30 22:19:44,174 -  * Debugger is active!
2024-11-30 22:19:44,178 -  * Debugger PIN: 163-663-454
2024-11-30 22:19:52,336 - Time: 2024-11-30 22:19:52, Endpoint: /test, Method: POST, Status: Success, Data: {'text': ' Hello World! 2024-11-30 22:19:52.329588'}
2024-11-30 22:19:52,351 - Time: 2024-11-30 22:19:52, Endpoint: /test, Method: POST, Status: Success, Data: {'text': ' Hello World! 2024-11-30 22:19:52.329021'}
2024-11-30 22:19:52,352 - Time: 2024-11-30 22:19:52, Endpoint: /test, Method: POST, Status: Success, Data: {'text': ' Hello World! 2024-11-30 22:19:52.329663'}
2024-11-30 22:19:52,353 - Time: 2024-11-30 22:19:52, Endpoint: /test, Method: POST, Status: Success, Data: {'text': ' Hello World! 2024-11-30 22:19:52.329839'}
2024-11-30 22:19:52,354 - Time: 2024-11-30 22:19:52, Endpoint: /test, Method: POST, Status: Success, Data: {'text': ' Hello World! 2024-11-30 22:19:52.329246'}
2024-11-30 22:19:52,355 - Time: 2024-11-30 22:19:52, Endpoint: /test, Method: POST, Status: Success, Data: {'text': ' Hello World! 2024-11-30 22:19:52.329773'}
2024-11-30 22:19:52,357 - Time: 2024-11-30 22:19:52, Endpoint: /test, Method: POST, Status: Success, Data: {'text': ' Hello World! 2024-11-30 22:19:52.329499'}
2024-11-30 22:19:52,358 - Time: 2024-11-30 22:19:52, Endpoint: /test, Method: POST, Status: Success, Data: {'text': ' Hello World! 2024-11-30 22:19:52.329118'}
2024-11-30 22:19:52,359 - Time: 2024-11-30 22:19:52, Endpoint: /test, Method: POST, Status: Success, Data: {'text': ' Hello World! 2024-11-30 22:19:52.329358'}
2024-11-30 22:19:52,360 - Time: 2024-11-30 22:19:52, Endpoint: /test, Method: POST, Status: Success, Data: {'text': ' Hello World! 2024-11-30 22:19:52.328840'}
2024-11-30 22:19:52,362 - Time: 2024-11-30 22:19:52, Endpoint: /test, Method: POST, Status: Success, Data: {'text': ' Hello World! 2024-11-30 22:19:52.351357'}
2024-11-30 22:19:52,363 - Time: 2024-11-30 22:19:52, Endpoint: /test, Method: POST, Status: Success, Data: {'text': ' Hello World! 2024-11-30 22:19:52.352431'}
2024-11-30 22:19:52,364 - Time: 2024-11-30 22:19:52, Endpoint: /test, Method: POST, Status: Success, Data: {'text': ' Hello World! 2024-11-30 22:19:52.353614'}
2024-11-30 22:19:52,365 - Time: 2024-11-30 22:19:52, Endpoint: /test, Method: POST, Status: Success, Data: {'text': ' Hello World! 2024-11-30 22:19:52.354709'}
2024-11-30 22:19:52,366 - Time: 2024-11-30 22:19:52, Endpoint: /test, Method: POST, Status: Success, Data: {'text': ' Hello World! 2024-11-30 22:19:52.355830'}
2024-11-30 22:19:52,367 - Time: 2024-11-30 22:19:52, Endpoint: /test, Method: POST, Status: Success, Data: {'text': ' Hello World! 2024-11-30 22:19:52.357239'}
2024-11-30 22:19:52,368 - Time: 2024-11-30 22:19:52, Endpoint: /test, Method: POST, Status: Success, Data: {'text': ' Hello World! 2024-11-30 22:19:52.358449'}
2024-11-30 22:19:52,369 - Time: 2024-11-30 22:19:52, Endpoint: /test, Method: POST, Status: Success, Data: {'text': ' Hello World! 2024-11-30 22:19:52.359984'}
2024-11-30 22:20:02,782 - Time: 2024-11-30 22:20:02, Endpoint: /test, Method: POST, Status: Success, Data: {'text': ' Hello World! 2024-11-30 22:20:02.775540'}
2024-11-30 22:20:02,785 - Time: 2024-11-30 22:20:02, Endpoint: /test, Method: POST, Status: Success, Data: {'text': ' Hello World! 2024-11-30 22:20:02.774655'}
2024-11-30 22:20:02,786 - Time: 2024-11-30 22:20:02, Endpoint: /test, Method: POST, Status: Success, Data: {'text': ' Hello World! 2024-11-30 22:20:02.774814'}
2024-11-30 22:20:02,787 - Time: 2024-11-30 22:20:02, Endpoint: /test, Method: POST, Status: Success, Data: {'text': ' Hello World! 2024-11-30 22:20:02.775218'}
2024-11-30 22:20:02,789 - Time: 2024-11-30 22:20:02, Endpoint: /test, Method: POST, Status: Success, Data: {'text': ' Hello World! 2024-11-30 22:20:02.775396'}
2024-11-30 22:20:02,790 - Time: 2024-11-30 22:20:02, Endpoint: /test, Method: POST, Status: Success, Data: {'text': ' Hello World! 2024-11-30 22:20:02.775648'}
2024-11-30 22:20:02,791 - Time: 2024-11-30 22:20:02, Endpoint: /test, Method: POST, Status: Success, Data: {'text': ' Hello World! 2024-11-30 22:20:02.774988'}
2024-11-30 22:20:02,793 - Time: 2024-11-30 22:20:02, Endpoint: /test, Method: POST, Status: Success, Data: {'text': ' Hello World! 2024-11-30 22:20:02.775747'}
2024-11-30 22:20:02,794 - Time: 2024-11-30 22:20:02, Endpoint: /test, Method: POST, Status: Success, Data: {'text': ' Hello World! 2024-11-30 22:20:02.775129'}
2024-11-30 22:20:02,799 - Time: 2024-11-30 22:20:02, Endpoint: /test, Method: POST, Status: Success, Data: {'text': ' Hello World! 2024-11-30 22:20:02.775318'}
2024-11-30 22:20:02,801 - Time: 2024-11-30 22:20:02, Endpoint: /test, Method: POST, Status: Success, Data: {'text': ' Hello World! 2024-11-30 22:20:02.785081'}
2024-11-30 22:20:02,802 - Time: 2024-11-30 22:20:02, Endpoint: /test, Method: POST, Status: Success, Data: {'text': ' Hello World! 2024-11-30 22:20:02.786013'}
2024-11-30 22:20:02,803 - Time: 2024-11-30 22:20:02, Endpoint: /test, Method: POST, Status: Success, Data: {'text': ' Hello World! 2024-11-30 22:20:02.787259'}
2024-11-30 22:20:02,804 - Time: 2024-11-30 22:20:02, Endpoint: /test, Method: POST, Status: Success, Data: {'text': ' Hello World! 2024-11-30 22:20:02.788505'}
2024-11-30 22:20:02,805 - Time: 2024-11-30 22:20:02, Endpoint: /test, Method: POST, Status: Success, Data: {'text': ' Hello World! 2024-11-30 22:20:02.790385'}
2024-11-30 22:20:02,806 - Time: 2024-11-30 22:20:02, Endpoint: /test, Method: POST, Status: Success, Data: {'text': ' Hello World! 2024-11-30 22:20:02.791734'}
2024-11-30 22:20:02,808 - Time: 2024-11-30 22:20:02, Endpoint: /test, Method: POST, Status: Success, Data: {'text': ' Hello World! 2024-11-30 22:20:02.793109'}
2024-11-30 22:20:02,809 - Time: 2024-11-30 22:20:02, Endpoint: /test, Method: POST, Status: Success, Data: {'text': ' Hello World! 2024-11-30 22:20:02.794711'}
2024-11-30 22:20:02,810 - Time: 2024-11-30 22:20:02, Endpoint: /test, Method: POST, Status: Success, Data: {'text': ' Hello World! 2024-11-30 22:20:02.799599'}
2024-11-30 22:20:02,811 - Time: 2024-11-30 22:20:02, Endpoint: /test, Method: POST, Status: Success, Data: {'text': ' Hello World! 2024-11-30 22:20:02.801015'}
2024-11-30 22:20:22,433 - Time: 2024-11-30 22:20:22, Endpoint: /test, Method: POST, Status: Success, Data: {'text': ' Hello World! 2024-11-30 22:20:22.426417'}
2024-11-30 22:20:22,436 - Time: 2024-11-30 22:20:22, Endpoint: /test, Method: POST, Status: Success, Data: {'text': ' Hello World! 2024-11-30 22:20:22.425998'}
2024-11-30 22:20:22,436 - Time: 2024-11-30 22:20:22, Endpoint: /test, Method: POST, Status: Success, Data: {'text': ' Hello World! 2024-11-30 22:20:22.426293'}
2024-11-30 22:20:22,437 - Time: 2024-11-30 22:20:22, Endpoint: /test, Method: POST, Status: Success, Data: {'text': ' Hello World! 2024-11-30 22:20:22.426219'}
2024-11-30 22:20:22,439 - Time: 2024-11-30 22:20:22, Endpoint: /test, Method: POST, Status: Success, Data: {'text': ' Hello World! 2024-11-30 22:20:22.425891'}
2024-11-30 22:20:22,440 - Time: 2024-11-30 22:20:22, Endpoint: /test, Method: POST, Status: Success, Data: {'text': ' Hello World! 2024-11-30 22:20:22.425745'}
2024-11-30 22:20:22,442 - Time: 2024-11-30 22:20:22, Endpoint: /test, Method: POST, Status: Success, Data: {'text': ' Hello World! 2024-11-30 22:20:22.426119'}
2024-11-30 22:20:22,443 - Time: 2024-11-30 22:20:22, Endpoint: /test, Method: POST, Status: Success, Data: {'text': ' Hello World! 2024-11-30 22:20:22.426353'}
2024-11-30 22:20:23,071 - Time: 2024-11-30 22:20:23, Endpoint: /test, Method: POST, Status: Success, Data: {'text': ' Hello World! 2024-11-30 22:20:23.064308'}
2024-11-30 22:20:23,083 - Time: 2024-11-30 22:20:23, Endpoint: /test, Method: POST, Status: Success, Data: {'text': ' Hello World! 2024-11-30 22:20:23.064996'}
2024-11-30 22:20:23,085 - Time: 2024-11-30 22:20:23, Endpoint: /test, Method: POST, Status: Success, Data: {'text': ' Hello World! 2024-11-30 22:20:23.064640'}
2024-11-30 22:20:23,089 - Time: 2024-11-30 22:20:23, Endpoint: /test, Method: POST, Status: Success, Data: {'text': ' Hello World! 2024-11-30 22:20:23.064538'}
2024-11-30 22:20:23,092 - Time: 2024-11-30 22:20:23, Endpoint: /test, Method: POST, Status: Success, Data: {'text': ' Hello World! 2024-11-30 22:20:23.064119'}
2024-11-30 22:20:23,097 - Time: 2024-11-30 22:20:23, Endpoint: /test, Method: POST, Status: Success, Data: {'text': ' Hello World! 2024-11-30 22:20:23.064718'}
2024-11-30 22:20:23,099 - Time: 2024-11-30 22:20:23, Endpoint: /test, Method: POST, Status: Success, Data: {'text': ' Hello World! 2024-11-30 22:20:23.064898'}
2024-11-30 22:20:23,101 - Time: 2024-11-30 22:20:23, Endpoint: /test, Method: POST, Status: Success, Data: {'text': ' Hello World! 2024-11-30 22:20:23.064822'}
2024-11-30 22:20:23,102 - Time: 2024-11-30 22:20:23, Endpoint: /test, Method: POST, Status: Success, Data: {'text': ' Hello World! 2024-11-30 22:20:23.064393'}
2024-11-30 22:20:23,103 - Time: 2024-11-30 22:20:23, Endpoint: /test, Method: POST, Status: Success, Data: {'text': ' Hello World! 2024-11-30 22:20:23.065075'}
2024-11-30 22:20:23,105 - Time: 2024-11-30 22:20:23, Endpoint: /test, Method: POST, Status: Success, Data: {'text': ' Hello World! 2024-11-30 22:20:23.083661'}
2024-11-30 22:20:23,107 - Time: 2024-11-30 22:20:23, Endpoint: /test, Method: POST, Status: Success, Data: {'text': ' Hello World! 2024-11-30 22:20:23.085653'}
2024-11-30 22:20:23,109 - Time: 2024-11-30 22:20:23, Endpoint: /test, Method: POST, Status: Success, Data: {'text': ' Hello World! 2024-11-30 22:20:23.089250'}
2024-11-30 22:20:23,110 - Time: 2024-11-30 22:20:23, Endpoint: /test, Method: POST, Status: Success, Data: {'text': ' Hello World! 2024-11-30 22:20:23.091260'}
2024-11-30 22:20:23,111 - Time: 2024-11-30 22:20:23, Endpoint: /test, Method: POST, Status: Success, Data: {'text': ' Hello World! 2024-11-30 22:20:23.097579'}
2024-11-30 22:20:23,113 - Time: 2024-11-30 22:20:23, Endpoint: /test, Method: POST, Status: Success, Data: {'text': ' Hello World! 2024-11-30 22:20:23.099836'}
2024-11-30 22:20:23,114 - Time: 2024-11-30 22:20:23, Endpoint: /test, Method: POST, Status: Success, Data: {'text': ' Hello World! 2024-11-30 22:20:23.101305'}
2024-11-30 22:20:23,115 - Time: 2024-11-30 22:20:23, Endpoint: /test, Method: POST, Status: Success, Data: {'text': ' Hello World! 2024-11-30 22:20:23.102515'}
2024-11-30 22:20:23,117 - Time: 2024-11-30 22:20:23, Endpoint: /test, Method: POST, Status: Success, Data: {'text': ' Hello World! 2024-11-30 22:20:23.103773'}
2024-11-30 22:20:23,118 - Time: 2024-11-30 22:20:23, Endpoint: /test, Method: POST, Status: Success, Data: {'text': ' Hello World! 2024-11-30 22:20:23.104913'}
2024-11-30 22:20:23,453 - Time: 2024-11-30 22:20:23, Endpoint: /test, Method: POST, Status: Success, Data: {'text': ' Hello World! 2024-11-30 22:20:23.446137'}
2024-11-30 22:20:23,455 - Time: 2024-11-30 22:20:23, Endpoint: /test, Method: POST, Status: Success, Data: {'text': ' Hello World! 2024-11-30 22:20:23.446384'}
2024-11-30 22:20:23,456 - Time: 2024-11-30 22:20:23, Endpoint: /test, Method: POST, Status: Success, Data: {'text': ' Hello World! 2024-11-30 22:20:23.446568'}
2024-11-30 22:20:23,457 - Time: 2024-11-30 22:20:23, Endpoint: /test, Method: POST, Status: Success, Data: {'text': ' Hello World! 2024-11-30 22:20:23.446705'}
2024-11-30 22:20:23,458 - Time: 2024-11-30 22:20:23, Endpoint: /test, Method: POST, Status: Success, Data: {'text': ' Hello World! 2024-11-30 22:20:23.446478'}
2024-11-30 22:20:23,459 - Time: 2024-11-30 22:20:23, Endpoint: /test, Method: POST, Status: Success, Data: {'text': ' Hello World! 2024-11-30 22:20:23.445837'}
2024-11-30 22:20:23,460 - Time: 2024-11-30 22:20:23, Endpoint: /test, Method: POST, Status: Success, Data: {'text': ' Hello World! 2024-11-30 22:20:23.445979'}
2024-11-30 22:20:23,461 - Time: 2024-11-30 22:20:23, Endpoint: /test, Method: POST, Status: Success, Data: {'text': ' Hello World! 2024-11-30 22:20:23.445652'}
2024-11-30 22:20:23,462 - Time: 2024-11-30 22:20:23, Endpoint: /test, Method: POST, Status: Success, Data: {'text': ' Hello World! 2024-11-30 22:20:23.446251'}
2024-11-30 22:20:23,464 - Time: 2024-11-30 22:20:23, Endpoint: /test, Method: POST, Status: Success, Data: {'text': ' Hello World! 2024-11-30 22:20:23.446814'}
2024-11-30 22:20:23,465 - Time: 2024-11-30 22:20:23, Endpoint: /test, Method: POST, Status: Success, Data: {'text': ' Hello World! 2024-11-30 22:20:23.455051'}
2024-11-30 22:20:23,466 - Time: 2024-11-30 22:20:23, Endpoint: /test, Method: POST, Status: Success, Data: {'text': ' Hello World! 2024-11-30 22:20:23.456241'}
2024-11-30 22:20:23,468 - Time: 2024-11-30 22:20:23, Endpoint: /test, Method: POST, Status: Success, Data: {'text': ' Hello World! 2024-11-30 22:20:23.457062'}
2024-11-30 22:20:23,469 - Time: 2024-11-30 22:20:23, Endpoint: /test, Method: POST, Status: Success, Data: {'text': ' Hello World! 2024-11-30 22:20:23.457884'}
2024-11-30 22:20:23,470 - Time: 2024-11-30 22:20:23, Endpoint: /test, Method: POST, Status: Success, Data: {'text': ' Hello World! 2024-11-30 22:20:23.459330'}
2024-11-30 22:20:23,472 - Time: 2024-11-30 22:20:23, Endpoint: /test, Method: POST, Status: Success, Data: {'text': ' Hello World! 2024-11-30 22:20:23.460311'}
2024-11-30 22:21:23,917 -  * Restarting with stat
2024-11-30 22:21:24,151 -  * Debugger is active!
2024-11-30 22:21:24,156 -  * Debugger PIN: 163-663-454
2024-11-30 22:21:32,623 - Time: 2024-11-30 22:21:32, Endpoint: /test, Method: POST, Status: Success, Data: {'text': ' Hello World! 2024-11-30 22:21:32.615314'}
2024-11-30 22:21:32,635 - Time: 2024-11-30 22:21:32, Endpoint: /test, Method: POST, Status: Success, Data: {'text': ' Hello World! 2024-11-30 22:21:32.615633'}
2024-11-30 22:21:32,636 - Time: 2024-11-30 22:21:32, Endpoint: /test, Method: POST, Status: Success, Data: {'text': ' Hello World! 2024-11-30 22:21:32.615502'}
2024-11-30 22:21:32,637 - Time: 2024-11-30 22:21:32, Endpoint: /test, Method: POST, Status: Success, Data: {'text': ' Hello World! 2024-11-30 22:21:32.615068'}
2024-11-30 22:21:32,638 - Time: 2024-11-30 22:21:32, Endpoint: /test, Method: POST, Status: Success, Data: {'text': ' Hello World! 2024-11-30 22:21:32.614915'}
2024-11-30 22:21:32,639 - Time: 2024-11-30 22:21:32, Endpoint: /test, Method: POST, Status: Success, Data: {'text': ' Hello World! 2024-11-30 22:21:32.615395'}
2024-11-30 22:21:32,640 - Time: 2024-11-30 22:21:32, Endpoint: /test, Method: POST, Status: Success, Data: {'text': ' Hello World! 2024-11-30 22:21:32.616011'}
2024-11-30 22:21:32,641 - Time: 2024-11-30 22:21:32, Endpoint: /test, Method: POST, Status: Success, Data: {'text': ' Hello World! 2024-11-30 22:21:32.615762'}
2024-11-30 22:21:32,642 - Time: 2024-11-30 22:21:32, Endpoint: /test, Method: POST, Status: Success, Data: {'text': ' Hello World! 2024-11-30 22:21:32.615189'}
2024-11-30 22:21:32,643 - Time: 2024-11-30 22:21:32, Endpoint: /test, Method: POST, Status: Success, Data: {'text': ' Hello World! 2024-11-30 22:21:32.615868'}
2024-11-30 22:21:32,645 - Time: 2024-11-30 22:21:32, Endpoint: /test, Method: POST, Status: Success, Data: {'text': ' Hello World! 2024-11-30 22:21:32.635071'}
2024-11-30 22:21:32,646 - Time: 2024-11-30 22:21:32, Endpoint: /test, Method: POST, Status: Success, Data: {'text': ' Hello World! 2024-11-30 22:21:32.635995'}
2024-11-30 22:21:32,647 - Time: 2024-11-30 22:21:32, Endpoint: /test, Method: POST, Status: Success, Data: {'text': ' Hello World! 2024-11-30 22:21:32.637274'}
2024-11-30 22:21:32,648 - Time: 2024-11-30 22:21:32, Endpoint: /test, Method: POST, Status: Success, Data: {'text': ' Hello World! 2024-11-30 22:21:32.638178'}
2024-11-30 22:21:32,649 - Time: 2024-11-30 22:21:32, Endpoint: /test, Method: POST, Status: Success, Data: {'text': ' Hello World! 2024-11-30 22:21:32.639120'}
2024-11-30 22:21:32,650 - Time: 2024-11-30 22:21:32, Endpoint: /test, Method: POST, Status: Success, Data: {'text': ' Hello World! 2024-11-30 22:21:32.640563'}
2024-11-30 22:21:32,651 - Time: 2024-11-30 22:21:32, Endpoint: /test, Method: POST, Status: Success, Data: {'text': ' Hello World! 2024-11-30 22:21:32.641598'}
2024-11-30 22:49:08,420 -  * Restarting with stat
2024-11-30 22:49:08,660 -  * Debugger is active!
2024-11-30 22:49:08,665 -  * Debugger PIN: 163-663-454
2024-11-30 22:56:16,121 -  * Detected change in '/Users/victorhuang/Documents/ECS235A/ECS235-Project/hmac_example.py', reloading
2024-11-30 22:56:16,190 -  * Restarting with stat
2024-11-30 22:56:16,570 -  * Debugger is active!
2024-11-30 22:56:16,575 -  * Debugger PIN: 163-663-454
2024-11-30 22:56:24,690 -  * Detected change in '/Users/victorhuang/Documents/ECS235A/ECS235-Project/hmac_example.py', reloading
2024-11-30 22:56:24,728 -  * Restarting with stat
2024-11-30 22:56:25,034 -  * Debugger is active!
2024-11-30 22:56:25,037 -  * Debugger PIN: 163-663-454
2024-12-01 11:04:39,422 -  * Restarting with stat
2024-12-01 11:04:39,672 -  * Debugger is active!
2024-12-01 11:04:39,680 -  * Debugger PIN: 163-663-454
2024-12-01 11:06:41,174 - Signup error: 415 Unsupported Media Type: Did not attempt to load JSON data because the request Content-Type was not 'application/json'.
2024-12-01 11:09:06,737 -  * Detected change in '/Users/victorhuang/Documents/ECS235A/ECS235-Project/main.py', reloading
2024-12-01 11:09:06,805 -  * Restarting with stat
2024-12-01 11:09:07,230 -  * Debugger is active!
2024-12-01 11:09:07,235 -  * Debugger PIN: 163-663-454
2024-12-01 11:09:09,274 -  * Detected change in '/Users/victorhuang/Documents/ECS235A/ECS235-Project/main.py', reloading
2024-12-01 11:09:09,325 -  * Restarting with stat
2024-12-01 11:09:09,573 -  * Debugger is active!
2024-12-01 11:09:09,576 -  * Debugger PIN: 163-663-454
2024-12-01 11:09:12,531 -  * Restarting with stat
2024-12-01 11:09:12,782 -  * Debugger is active!
2024-12-01 11:09:12,786 -  * Debugger PIN: 163-663-454
2024-12-01 11:13:35,770 -  * Restarting with stat
2024-12-01 11:13:36,016 -  * Debugger is active!
2024-12-01 11:13:36,019 -  * Debugger PIN: 163-663-454
2024-12-01 11:15:30,400 -  * Restarting with stat
2024-12-01 11:15:30,661 -  * Debugger is active!
2024-12-01 11:15:30,666 -  * Debugger PIN: 163-663-454
2024-12-01 11:16:44,177 -  * Restarting with stat
2024-12-01 11:16:44,428 -  * Debugger is active!
2024-12-01 11:16:44,432 -  * Debugger PIN: 163-663-454
2024-12-01 11:18:14,175 -  * Restarting with stat
2024-12-01 11:18:14,436 -  * Debugger is active!
2024-12-01 11:18:14,443 -  * Debugger PIN: 163-663-454
2024-12-01 11:22:11,988 -  * Detected change in '/Users/victorhuang/Documents/ECS235A/ECS235-Project/main.py', reloading
2024-12-01 11:22:12,448 -  * Restarting with stat
2024-12-01 11:22:12,865 -  * Debugger is active!
2024-12-01 11:22:12,870 -  * Debugger PIN: 163-663-454
2024-12-01 11:22:21,001 -  * Detected change in '/Users/victorhuang/Documents/ECS235A/ECS235-Project/main.py', reloading
2024-12-01 11:22:21,046 -  * Restarting with stat
2024-12-01 11:22:21,383 -  * Debugger is active!
2024-12-01 11:22:21,387 -  * Debugger PIN: 163-663-454
2024-12-01 11:22:28,510 -  * Detected change in '/Users/victorhuang/Documents/ECS235A/ECS235-Project/main.py', reloading
2024-12-01 11:22:28,562 -  * Restarting with stat
2024-12-01 11:22:28,891 -  * Debugger is active!
2024-12-01 11:22:28,898 -  * Debugger PIN: 163-663-454
2024-12-01 11:22:31,942 -  * Detected change in '/Users/victorhuang/Documents/ECS235A/ECS235-Project/main.py', reloading
2024-12-01 11:22:31,983 -  * Restarting with stat
2024-12-01 11:22:44,490 -  * Restarting with stat
2024-12-01 11:22:44,728 -  * Debugger is active!
2024-12-01 11:22:44,733 -  * Debugger PIN: 163-663-454
2024-12-01 11:23:56,358 -  * Detected change in '/Users/victorhuang/Documents/ECS235A/ECS235-Project/main.py', reloading
2024-12-01 11:23:56,757 -  * Restarting with stat
2024-12-01 11:23:57,173 -  * Debugger is active!
2024-12-01 11:23:57,178 -  * Debugger PIN: 163-663-454
2024-12-01 11:26:14,857 -  * Detected change in '/Users/victorhuang/Documents/ECS235A/ECS235-Project/main.py', reloading
2024-12-01 11:26:15,403 -  * Restarting with stat
2024-12-01 11:26:15,792 -  * Debugger is active!
2024-12-01 11:26:15,796 -  * Debugger PIN: 163-663-454
2024-12-01 11:26:37,263 -  * Detected change in '/Users/victorhuang/Documents/ECS235A/ECS235-Project/main.py', reloading
2024-12-01 11:26:37,314 -  * Restarting with stat
2024-12-01 11:26:37,664 -  * Debugger is active!
2024-12-01 11:26:37,668 -  * Debugger PIN: 163-663-454
2024-12-01 11:26:48,856 -  * Detected change in '/Users/victorhuang/Documents/ECS235A/ECS235-Project/main.py', reloading
2024-12-01 11:26:48,891 -  * Restarting with stat
2024-12-01 11:26:49,239 -  * Debugger is active!
2024-12-01 11:26:49,243 -  * Debugger PIN: 163-663-454
2024-12-01 11:26:51,279 -  * Detected change in '/Users/victorhuang/Documents/ECS235A/ECS235-Project/main.py', reloading
2024-12-01 11:26:51,320 -  * Restarting with stat
2024-12-01 11:26:51,603 -  * Debugger is active!
2024-12-01 11:26:51,606 -  * Debugger PIN: 163-663-454
2024-12-01 11:26:53,656 -  * Detected change in '/Users/victorhuang/Documents/ECS235A/ECS235-Project/main.py', reloading
2024-12-01 11:26:53,699 -  * Restarting with stat
2024-12-01 11:26:53,959 -  * Debugger is active!
2024-12-01 11:26:53,963 -  * Debugger PIN: 163-663-454
2024-12-01 11:26:58,306 -  * Restarting with stat
2024-12-01 11:26:58,550 -  * Debugger is active!
2024-12-01 11:26:58,554 -  * Debugger PIN: 163-663-454
2024-12-01 11:28:28,167 -  * Restarting with stat
2024-12-01 11:28:28,436 -  * Debugger is active!
2024-12-01 11:28:28,441 -  * Debugger PIN: 163-663-454
2024-12-01 11:30:24,446 -  * Detected change in '/Users/victorhuang/Documents/ECS235A/ECS235-Project/main.py', reloading
2024-12-01 11:30:24,524 -  * Restarting with stat
2024-12-01 11:32:08,693 -  * Restarting with stat
2024-12-01 11:32:08,928 -  * Debugger is active!
2024-12-01 11:32:08,933 -  * Debugger PIN: 163-663-454
2024-12-01 11:34:54,410 -  * Detected change in '/Users/victorhuang/Documents/ECS235A/ECS235-Project/main.py', reloading
2024-12-01 11:34:54,933 -  * Restarting with stat
2024-12-01 11:34:55,323 -  * Debugger is active!
2024-12-01 11:34:55,329 -  * Debugger PIN: 163-663-454
2024-12-01 11:35:11,611 -  * Detected change in '/Users/victorhuang/Documents/ECS235A/ECS235-Project/main.py', reloading
2024-12-01 11:35:11,662 -  * Restarting with stat
2024-12-01 11:35:12,005 -  * Debugger is active!
2024-12-01 11:35:12,008 -  * Debugger PIN: 163-663-454
2024-12-01 11:35:13,027 -  * Detected change in '/Users/victorhuang/Documents/ECS235A/ECS235-Project/main.py', reloading
2024-12-01 11:35:13,063 -  * Restarting with stat
2024-12-01 11:35:13,314 -  * Debugger is active!
2024-12-01 11:35:13,317 -  * Debugger PIN: 163-663-454
2024-12-01 11:35:16,373 -  * Detected change in '/Users/victorhuang/Documents/ECS235A/ECS235-Project/main.py', reloading
2024-12-01 11:35:16,411 -  * Restarting with stat
2024-12-01 11:35:16,652 -  * Debugger is active!
2024-12-01 11:35:16,656 -  * Debugger PIN: 163-663-454
2024-12-01 11:35:18,702 -  * Detected change in '/Users/victorhuang/Documents/ECS235A/ECS235-Project/main.py', reloading
2024-12-01 11:35:18,739 -  * Restarting with stat
2024-12-01 11:35:18,991 -  * Debugger is active!
2024-12-01 11:35:18,996 -  * Debugger PIN: 163-663-454
2024-12-01 11:35:32,254 -  * Detected change in '/Users/victorhuang/Documents/ECS235A/ECS235-Project/main.py', reloading
2024-12-01 11:35:32,298 -  * Restarting with stat
2024-12-01 11:35:32,709 -  * Debugger is active!
2024-12-01 11:35:32,713 -  * Debugger PIN: 163-663-454
2024-12-01 11:35:37,793 -  * Detected change in '/Users/victorhuang/Documents/ECS235A/ECS235-Project/main.py', reloading
2024-12-01 11:35:37,833 -  * Restarting with stat
2024-12-01 11:36:51,991 -  * Restarting with stat
2024-12-01 11:36:52,260 -  * Debugger is active!
2024-12-01 11:36:52,265 -  * Debugger PIN: 163-663-454
2024-12-01 11:37:10,709 -  * Detected change in '/Users/victorhuang/Documents/ECS235A/ECS235-Project/main.py', reloading
2024-12-01 11:37:10,774 -  * Restarting with stat
2024-12-01 11:37:11,987 -  * Restarting with stat
2024-12-01 11:37:12,254 -  * Debugger is active!
2024-12-01 11:37:12,259 -  * Debugger PIN: 163-663-454
2024-12-01 11:37:40,833 -  * Detected change in '/Users/victorhuang/Documents/ECS235A/ECS235-Project/main.py', reloading
2024-12-01 11:37:40,876 -  * Restarting with stat
2024-12-01 11:37:41,276 -  * Debugger is active!
2024-12-01 11:37:41,280 -  * Debugger PIN: 163-663-454
2024-12-01 11:37:45,345 -  * Detected change in '/Users/victorhuang/Documents/ECS235A/ECS235-Project/main.py', reloading
2024-12-01 11:37:45,384 -  * Restarting with stat
2024-12-01 11:37:45,628 -  * Debugger is active!
2024-12-01 11:37:45,632 -  * Debugger PIN: 163-663-454
2024-12-01 11:37:54,802 -  * Detected change in '/Users/victorhuang/Documents/ECS235A/ECS235-Project/main.py', reloading
2024-12-01 11:37:54,892 -  * Restarting with stat
2024-12-01 11:37:55,216 -  * Debugger is active!
2024-12-01 11:37:55,222 -  * Debugger PIN: 163-663-454
2024-12-01 11:40:14,038 -  * Detected change in '/Users/victorhuang/Documents/ECS235A/ECS235-Project/main.py', reloading
2024-12-01 11:40:14,088 -  * Restarting with stat
2024-12-01 11:40:14,501 -  * Debugger is active!
2024-12-01 11:40:14,505 -  * Debugger PIN: 163-663-454
2024-12-01 11:40:22,646 -  * Detected change in '/Users/victorhuang/Documents/ECS235A/ECS235-Project/main.py', reloading
2024-12-01 11:40:22,702 -  * Restarting with stat
2024-12-01 11:40:23,050 -  * Debugger is active!
2024-12-01 11:40:23,054 -  * Debugger PIN: 163-663-454
2024-12-01 11:40:30,190 -  * Detected change in '/Users/victorhuang/Documents/ECS235A/ECS235-Project/main.py', reloading
2024-12-01 11:40:30,226 -  * Restarting with stat
2024-12-01 11:40:30,558 -  * Debugger is active!
2024-12-01 11:40:30,562 -  * Debugger PIN: 163-663-454
2024-12-01 11:40:33,626 -  * Detected change in '/Users/victorhuang/Documents/ECS235A/ECS235-Project/main.py', reloading
2024-12-01 11:40:33,676 -  * Restarting with stat
2024-12-01 11:40:33,986 -  * Debugger is active!
2024-12-01 11:40:33,989 -  * Debugger PIN: 163-663-454
2024-12-01 11:44:28,586 -  * Restarting with stat
2024-12-01 11:44:28,850 -  * Debugger is active!
2024-12-01 11:44:28,855 -  * Debugger PIN: 163-663-454
2024-12-01 11:50:38,998 -  * Detected change in '/Users/victorhuang/Documents/ECS235A/ECS235-Project/main.py', reloading
2024-12-01 11:50:39,445 -  * Restarting with stat
2024-12-01 11:50:39,842 -  * Debugger is active!
2024-12-01 11:50:39,847 -  * Debugger PIN: 163-663-454
2024-12-01 11:50:46,967 -  * Detected change in '/Users/victorhuang/Documents/ECS235A/ECS235-Project/main.py', reloading
2024-12-01 11:50:47,020 -  * Restarting with stat
2024-12-01 11:50:47,370 -  * Debugger is active!
2024-12-01 11:50:47,374 -  * Debugger PIN: 163-663-454
2024-12-01 11:51:57,511 -  * Restarting with stat
2024-12-01 11:51:57,785 -  * Debugger is active!
2024-12-01 11:51:57,790 -  * Debugger PIN: 163-663-454
2024-12-01 11:53:25,693 -  * Restarting with stat
2024-12-01 11:53:25,934 -  * Debugger is active!
2024-12-01 11:53:25,938 -  * Debugger PIN: 163-663-454
2024-12-01 11:54:20,991 -  * Detected change in '/Users/victorhuang/Documents/ECS235A/ECS235-Project/main.py', reloading
2024-12-01 11:54:21,070 -  * Restarting with stat
2024-12-01 11:57:34,591 -  * Restarting with stat
2024-12-01 11:57:34,827 -  * Debugger is active!
2024-12-01 11:57:34,833 -  * Debugger PIN: 163-663-454
2024-12-01 11:58:24,683 -  * Detected change in '/Users/victorhuang/Documents/ECS235A/ECS235-Project/main.py', reloading
2024-12-01 11:58:24,735 -  * Restarting with stat
2024-12-01 11:58:25,130 -  * Debugger is active!
2024-12-01 11:58:25,134 -  * Debugger PIN: 163-663-454
2024-12-01 11:58:31,263 -  * Detected change in '/Users/victorhuang/Documents/ECS235A/ECS235-Project/main.py', reloading
2024-12-01 11:58:31,305 -  * Restarting with stat
2024-12-01 12:01:43,975 -  * Restarting with stat
2024-12-01 12:01:44,358 -  * Debugger is active!
2024-12-01 12:01:44,362 -  * Debugger PIN: 163-663-454
2024-12-01 12:01:50,464 -  * Detected change in '/Users/victorhuang/Documents/ECS235A/ECS235-Project/main.py', reloading
2024-12-01 12:01:50,503 -  * Restarting with stat
2024-12-01 12:02:16,743 -  * Restarting with stat
2024-12-01 12:02:16,979 -  * Debugger is active!
2024-12-01 12:02:16,983 -  * Debugger PIN: 163-663-454
2024-12-01 12:02:19,031 -  * Detected change in '/Users/victorhuang/Documents/ECS235A/ECS235-Project/main.py', reloading
2024-12-01 12:02:19,082 -  * Restarting with stat
2024-12-01 12:02:27,171 -  * Restarting with stat
2024-12-01 12:02:27,408 -  * Debugger is active!
2024-12-01 12:02:27,412 -  * Debugger PIN: 163-663-454
2024-12-01 12:02:37,602 -  * Detected change in '/Users/victorhuang/Documents/ECS235A/ECS235-Project/main.py', reloading
2024-12-01 12:02:37,647 -  * Restarting with stat
2024-12-01 12:02:37,999 -  * Debugger is active!
2024-12-01 12:02:38,004 -  * Debugger PIN: 163-663-454
2024-12-01 12:02:45,387 -  * Detected change in '/Users/victorhuang/Documents/ECS235A/ECS235-Project/main.py', reloading
2024-12-01 12:02:45,436 -  * Restarting with stat
2024-12-01 12:02:45,820 -  * Debugger is active!
2024-12-01 12:02:45,831 -  * Debugger PIN: 163-663-454
2024-12-01 12:03:23,618 -  * Detected change in '/Users/victorhuang/Documents/ECS235A/ECS235-Project/main.py', reloading
2024-12-01 12:03:23,663 -  * Restarting with stat
2024-12-01 12:03:24,067 -  * Debugger is active!
2024-12-01 12:03:24,071 -  * Debugger PIN: 163-663-454
2024-12-01 12:03:25,096 -  * Detected change in '/Users/victorhuang/Documents/ECS235A/ECS235-Project/main.py', reloading
2024-12-01 12:03:25,141 -  * Restarting with stat
2024-12-01 12:03:25,389 -  * Debugger is active!
2024-12-01 12:03:25,392 -  * Debugger PIN: 163-663-454
2024-12-01 12:03:31,505 -  * Detected change in '/Users/victorhuang/Documents/ECS235A/ECS235-Project/main.py', reloading
2024-12-01 12:03:31,559 -  * Restarting with stat
2024-12-01 12:03:31,848 -  * Debugger is active!
2024-12-01 12:03:31,853 -  * Debugger PIN: 163-663-454
2024-12-01 12:03:35,930 -  * Detected change in '/Users/victorhuang/Documents/ECS235A/ECS235-Project/main.py', reloading
2024-12-01 12:03:35,973 -  * Restarting with stat
2024-12-01 12:03:36,270 -  * Debugger is active!
2024-12-01 12:03:36,274 -  * Debugger PIN: 163-663-454
2024-12-01 12:03:48,488 -  * Detected change in '/Users/victorhuang/Documents/ECS235A/ECS235-Project/main.py', reloading
2024-12-01 12:03:48,546 -  * Restarting with stat
2024-12-01 12:03:49,274 -  * Debugger is active!
2024-12-01 12:03:49,278 -  * Debugger PIN: 163-663-454
2024-12-01 12:03:55,393 -  * Detected change in '/Users/victorhuang/Documents/ECS235A/ECS235-Project/main.py', reloading
2024-12-01 12:03:55,431 -  * Restarting with stat
2024-12-01 12:03:55,787 -  * Debugger is active!
2024-12-01 12:03:55,792 -  * Debugger PIN: 163-663-454
2024-12-01 12:03:57,834 -  * Detected change in '/Users/victorhuang/Documents/ECS235A/ECS235-Project/main.py', reloading
2024-12-01 12:03:57,878 -  * Restarting with stat
2024-12-01 12:03:58,175 -  * Debugger is active!
2024-12-01 12:03:58,180 -  * Debugger PIN: 163-663-454
2024-12-01 12:14:50,280 -  * Restarting with stat
2024-12-01 12:14:50,516 -  * Debugger is active!
2024-12-01 12:14:50,521 -  * Debugger PIN: 163-663-454
2024-12-02 12:09:40,305 -  * Restarting with stat
2024-12-02 12:09:40,572 -  * Debugger is active!
2024-12-02 12:09:40,577 -  * Debugger PIN: 163-663-454
2024-12-02 12:11:31,205 -  * Restarting with stat
2024-12-02 12:11:31,451 -  * Debugger is active!
2024-12-02 12:11:31,456 -  * Debugger PIN: 163-663-454
2024-12-02 12:14:28,265 - Time: 2024-12-02 12:14:28, Endpoint: /test, Method: POST, Status: Success, Data: {'text': ' Hello World! 2024-12-02 12:14:28.256769'}
2024-12-02 12:14:28,302 - Time: 2024-12-02 12:14:28, Endpoint: /test, Method: POST, Status: Success, Data: {'text': ' Hello World! 2024-12-02 12:14:28.256626'}
2024-12-02 12:14:32,639 - Time: 2024-12-02 12:14:32, Endpoint: /test, Method: POST, Status: Success, Data: {'text': ' Hello World! 2024-12-02 12:14:32.631913'}
2024-12-02 12:14:32,645 - Time: 2024-12-02 12:14:32, Endpoint: /test, Method: POST, Status: Success, Data: {'text': ' Hello World! 2024-12-02 12:14:32.632302'}
2024-12-02 12:14:32,646 - Time: 2024-12-02 12:14:32, Endpoint: /test, Method: POST, Status: Success, Data: {'text': ' Hello World! 2024-12-02 12:14:32.631630'}
2024-12-02 12:14:32,648 - Time: 2024-12-02 12:14:32, Endpoint: /test, Method: POST, Status: Success, Data: {'text': ' Hello World! 2024-12-02 12:14:32.632185'}
2024-12-02 12:14:32,649 - Time: 2024-12-02 12:14:32, Endpoint: /test, Method: POST, Status: Success, Data: {'text': ' Hello World! 2024-12-02 12:14:32.632043'}
2024-12-02 12:15:24,714 -  * Restarting with stat
2024-12-02 12:15:24,959 -  * Debugger is active!
2024-12-02 12:15:24,963 -  * Debugger PIN: 163-663-454
2024-12-02 12:17:56,104 -  * Detected change in '/Users/victorhuang/Documents/ECS235A/ECS235-Project/main.py', reloading
2024-12-02 12:17:56,378 -  * Restarting with stat
2024-12-02 12:17:56,850 -  * Debugger is active!
2024-12-02 12:17:56,855 -  * Debugger PIN: 163-663-454
2024-12-02 12:17:57,882 -  * Detected change in '/Users/victorhuang/Documents/ECS235A/ECS235-Project/main.py', reloading
2024-12-02 12:17:57,924 -  * Restarting with stat
2024-12-02 12:18:13,356 -  * Restarting with stat
2024-12-02 12:18:13,601 -  * Debugger is active!
2024-12-02 12:18:13,605 -  * Debugger PIN: 163-663-454
2024-12-02 12:18:47,228 -  * Detected change in '/Users/victorhuang/Documents/ECS235A/ECS235-Project/main.py', reloading
2024-12-02 12:18:47,658 -  * Restarting with stat
2024-12-02 12:18:48,025 -  * Debugger is active!
2024-12-02 12:18:48,028 -  * Debugger PIN: 163-663-454
2024-12-02 12:19:02,986 -  * Restarting with stat
2024-12-02 12:19:03,238 -  * Debugger is active!
2024-12-02 12:19:03,243 -  * Debugger PIN: 163-663-454
2024-12-02 12:23:10,923 -  * Detected change in '/Users/victorhuang/Documents/ECS235A/ECS235-Project/main.py', reloading
2024-12-02 12:23:11,233 -  * Restarting with stat
2024-12-02 12:23:11,637 -  * Debugger is active!
2024-12-02 12:23:11,641 -  * Debugger PIN: 163-663-454
2024-12-02 12:23:47,341 -  * Detected change in '/Users/victorhuang/Documents/ECS235A/ECS235-Project/main.py', reloading
2024-12-02 12:23:47,392 -  * Restarting with stat
2024-12-02 12:24:05,896 -  * Restarting with stat
2024-12-02 12:24:06,132 -  * Debugger is active!
2024-12-02 12:24:06,136 -  * Debugger PIN: 163-663-454
2024-12-02 12:25:20,518 -  * Detected change in '/Users/victorhuang/Documents/ECS235A/ECS235-Project/main.py', reloading
2024-12-02 12:25:21,050 -  * Restarting with stat
2024-12-02 12:25:21,461 -  * Debugger is active!
2024-12-02 12:25:21,466 -  * Debugger PIN: 163-663-454
2024-12-02 12:25:22,492 -  * Detected change in '/Users/victorhuang/Documents/ECS235A/ECS235-Project/main.py', reloading
2024-12-02 12:25:22,546 -  * Restarting with stat
2024-12-02 12:25:22,799 -  * Debugger is active!
2024-12-02 12:25:22,804 -  * Debugger PIN: 163-663-454
2024-12-02 12:25:23,838 -  * Detected change in '/Users/victorhuang/Documents/ECS235A/ECS235-Project/main.py', reloading
2024-12-02 12:25:23,883 -  * Restarting with stat
2024-12-02 12:25:30,373 -  * Restarting with stat
2024-12-02 12:25:30,620 -  * Debugger is active!
2024-12-02 12:25:30,624 -  * Debugger PIN: 163-663-454
2024-12-02 12:31:49,540 -  * Detected change in '/Users/victorhuang/Documents/ECS235A/ECS235-Project/main.py', reloading
2024-12-02 12:31:50,100 -  * Restarting with stat
2024-12-02 12:31:50,509 -  * Debugger is active!
2024-12-02 12:31:50,513 -  * Debugger PIN: 163-663-454
2024-12-02 12:31:51,544 -  * Detected change in '/Users/victorhuang/Documents/ECS235A/ECS235-Project/main.py', reloading
2024-12-02 12:31:51,589 -  * Restarting with stat
2024-12-02 12:31:51,844 -  * Debugger is active!
2024-12-02 12:31:51,848 -  * Debugger PIN: 163-663-454
2024-12-02 12:31:54,903 -  * Detected change in '/Users/victorhuang/Documents/ECS235A/ECS235-Project/main.py', reloading
2024-12-02 12:31:54,936 -  * Restarting with stat
2024-12-02 12:31:55,177 -  * Debugger is active!
2024-12-02 12:31:55,181 -  * Debugger PIN: 163-663-454
2024-12-02 12:32:00,295 -  * Detected change in '/Users/victorhuang/Documents/ECS235A/ECS235-Project/main.py', reloading
2024-12-02 12:32:00,458 -  * Restarting with stat
2024-12-02 12:32:00,724 -  * Debugger is active!
2024-12-02 12:32:00,728 -  * Debugger PIN: 163-663-454
2024-12-02 12:33:08,990 -  * Detected change in '/Users/victorhuang/Documents/ECS235A/ECS235-Project/main.py', reloading
2024-12-02 12:33:09,070 -  * Restarting with stat
2024-12-02 12:41:43,381 -  * Restarting with stat
2024-12-02 12:41:43,635 -  * Debugger is active!
2024-12-02 12:41:43,639 -  * Debugger PIN: 163-663-454
2024-12-02 12:42:36,683 -  * Detected change in '/Users/victorhuang/Documents/ECS235A/ECS235-Project/main.py', reloading
2024-12-02 12:42:36,987 -  * Restarting with stat
2024-12-02 12:42:37,412 -  * Debugger is active!
2024-12-02 12:42:37,418 -  * Debugger PIN: 163-663-454
2024-12-02 12:42:39,463 -  * Detected change in '/Users/victorhuang/Documents/ECS235A/ECS235-Project/main.py', reloading
2024-12-02 12:42:39,528 -  * Restarting with stat
2024-12-02 12:42:39,789 -  * Debugger is active!
2024-12-02 12:42:39,793 -  * Debugger PIN: 163-663-454
2024-12-02 12:42:43,870 -  * Detected change in '/Users/victorhuang/Documents/ECS235A/ECS235-Project/main.py', reloading
2024-12-02 12:42:43,918 -  * Restarting with stat
2024-12-02 12:42:44,178 -  * Debugger is active!
2024-12-02 12:42:44,182 -  * Debugger PIN: 163-663-454
2024-12-02 12:42:52,300 -  * Detected change in '/Users/victorhuang/Documents/ECS235A/ECS235-Project/main.py', reloading
2024-12-02 12:42:52,354 -  * Restarting with stat
2024-12-02 12:42:52,632 -  * Debugger is active!
2024-12-02 12:42:52,635 -  * Debugger PIN: 163-663-454
2024-12-02 12:42:56,704 -  * Detected change in '/Users/victorhuang/Documents/ECS235A/ECS235-Project/main.py', reloading
2024-12-02 12:42:56,747 -  * Restarting with stat
2024-12-02 12:43:23,553 -  * Restarting with stat
2024-12-02 12:43:23,802 -  * Debugger is active!
2024-12-02 12:43:23,808 -  * Debugger PIN: 163-663-454
2024-12-02 12:45:07,154 -  * Restarting with stat
2024-12-02 12:45:07,407 -  * Debugger is active!
2024-12-02 12:45:07,412 -  * Debugger PIN: 163-663-454
2024-12-02 12:45:22,167 - Time: 2024-12-02 12:45:22, Endpoint: /test, Method: POST, Status: Success, Data: {'text': ' Hello World! 2024-12-02 12:45:22.156581'}
2024-12-02 12:45:22,177 - Time: 2024-12-02 12:45:22, Endpoint: /test, Method: POST, Status: Success, Data: {'text': ' Hello World! 2024-12-02 12:45:22.156303'}
2024-12-02 12:45:22,178 - Time: 2024-12-02 12:45:22, Endpoint: /test, Method: POST, Status: Success, Data: {'text': ' Hello World! 2024-12-02 12:45:22.157062'}
2024-12-02 12:45:22,179 - Time: 2024-12-02 12:45:22, Endpoint: /test, Method: POST, Status: Success, Data: {'text': ' Hello World! 2024-12-02 12:45:22.156494'}
2024-12-02 12:45:22,181 - Time: 2024-12-02 12:45:22, Endpoint: /test, Method: POST, Status: Success, Data: {'text': ' Hello World! 2024-12-02 12:45:22.157126'}
2024-12-02 12:45:22,182 - Time: 2024-12-02 12:45:22, Endpoint: /test, Method: POST, Status: Success, Data: {'text': ' Hello World! 2024-12-02 12:45:22.157194'}
2024-12-02 12:45:22,184 - Time: 2024-12-02 12:45:22, Endpoint: /test, Method: POST, Status: Success, Data: {'text': ' Hello World! 2024-12-02 12:45:22.156789'}
2024-12-02 12:45:22,185 - Time: 2024-12-02 12:45:22, Endpoint: /test, Method: POST, Status: Success, Data: {'text': ' Hello World! 2024-12-02 12:45:22.156976'}
2024-12-02 12:45:22,187 - Time: 2024-12-02 12:45:22, Endpoint: /test, Method: POST, Status: Success, Data: {'text': ' Hello World! 2024-12-02 12:45:22.156900'}
2024-12-02 12:45:22,188 - Time: 2024-12-02 12:45:22, Endpoint: /test, Method: POST, Status: Success, Data: {'text': ' Hello World! 2024-12-02 12:45:22.156649'}
2024-12-02 12:45:22,189 - Time: 2024-12-02 12:45:22, Endpoint: /test, Method: POST, Status: Success, Data: {'text': ' Hello World! 2024-12-02 12:45:22.177061'}
2024-12-02 12:45:22,192 - Time: 2024-12-02 12:45:22, Endpoint: /test, Method: POST, Status: Success, Data: {'text': ' Hello World! 2024-12-02 12:45:22.178267'}
2024-12-02 12:45:22,193 - Time: 2024-12-02 12:45:22, Endpoint: /test, Method: POST, Status: Success, Data: {'text': ' Hello World! 2024-12-02 12:45:22.179883'}
2024-12-02 12:45:22,198 - Time: 2024-12-02 12:45:22, Endpoint: /test, Method: POST, Status: Success, Data: {'text': ' Hello World! 2024-12-02 12:45:22.181241'}
2024-12-02 12:45:22,201 - Time: 2024-12-02 12:45:22, Endpoint: /test, Method: POST, Status: Success, Data: {'text': ' Hello World! 2024-12-02 12:45:22.182215'}
2024-12-02 12:45:22,202 - Time: 2024-12-02 12:45:22, Endpoint: /test, Method: POST, Status: Success, Data: {'text': ' Hello World! 2024-12-02 12:45:22.184392'}
2024-12-02 12:45:22,206 - Time: 2024-12-02 12:45:22, Endpoint: /test, Method: POST, Status: Success, Data: {'text': ' Hello World! 2024-12-02 12:45:22.185500'}
2024-12-02 12:45:22,208 - Time: 2024-12-02 12:45:22, Endpoint: /test, Method: POST, Status: Success, Data: {'text': ' Hello World! 2024-12-02 12:45:22.187214'}
2024-12-02 12:45:22,210 - Time: 2024-12-02 12:45:22, Endpoint: /test, Method: POST, Status: Success, Data: {'text': ' Hello World! 2024-12-02 12:45:22.188327'}
2024-12-02 12:45:22,223 - Time: 2024-12-02 12:45:22, Endpoint: /test, Method: POST, Status: Success, Data: {'text': ' Hello World! 2024-12-02 12:45:22.189613'}
2024-12-02 12:45:22,225 - Time: 2024-12-02 12:45:22, Endpoint: /test, Method: POST, Status: Success, Data: {'text': ' Hello World! 2024-12-02 12:45:22.192040'}
2024-12-02 12:45:22,228 - Time: 2024-12-02 12:45:22, Endpoint: /test, Method: POST, Status: Success, Data: {'text': ' Hello World! 2024-12-02 12:45:22.193754'}
2024-12-02 12:45:22,230 - Time: 2024-12-02 12:45:22, Endpoint: /test, Method: POST, Status: Success, Data: {'text': ' Hello World! 2024-12-02 12:45:22.195741'}
2024-12-02 12:45:22,232 - Time: 2024-12-02 12:45:22, Endpoint: /test, Method: POST, Status: Success, Data: {'text': ' Hello World! 2024-12-02 12:45:22.202466'}
2024-12-02 12:45:22,237 - Time: 2024-12-02 12:45:22, Endpoint: /test, Method: POST, Status: Success, Data: {'text': ' Hello World! 2024-12-02 12:45:22.200819'}
2024-12-02 12:45:22,254 - Time: 2024-12-02 12:45:22, Endpoint: /test, Method: POST, Status: Success, Data: {'text': ' Hello World! 2024-12-02 12:45:22.206233'}
2024-12-02 12:45:22,264 - Time: 2024-12-02 12:45:22, Endpoint: /test, Method: POST, Status: Success, Data: {'text': ' Hello World! 2024-12-02 12:45:22.208818'}
2024-12-02 12:45:23,911 - Time: 2024-12-02 12:45:23, Endpoint: /test, Method: POST, Status: Success, Data: {'text': ' Hello World! 2024-12-02 12:45:23.903785'}
2024-12-02 12:45:23,914 - Time: 2024-12-02 12:45:23, Endpoint: /test, Method: POST, Status: Success, Data: {'text': ' Hello World! 2024-12-02 12:45:23.902884'}
2024-12-02 12:45:23,915 - Time: 2024-12-02 12:45:23, Endpoint: /test, Method: POST, Status: Success, Data: {'text': ' Hello World! 2024-12-02 12:45:23.903223'}
2024-12-02 12:45:23,916 - Time: 2024-12-02 12:45:23, Endpoint: /test, Method: POST, Status: Success, Data: {'text': ' Hello World! 2024-12-02 12:45:23.903002'}
2024-12-02 12:45:23,917 - Time: 2024-12-02 12:45:23, Endpoint: /test, Method: POST, Status: Success, Data: {'text': ' Hello World! 2024-12-02 12:45:23.903356'}
2024-12-02 12:45:23,918 - Time: 2024-12-02 12:45:23, Endpoint: /test, Method: POST, Status: Success, Data: {'text': ' Hello World! 2024-12-02 12:45:23.902747'}
2024-12-02 12:45:23,920 - Time: 2024-12-02 12:45:23, Endpoint: /test, Method: POST, Status: Success, Data: {'text': ' Hello World! 2024-12-02 12:45:23.903442'}
2024-12-02 12:45:23,921 - Time: 2024-12-02 12:45:23, Endpoint: /test, Method: POST, Status: Success, Data: {'text': ' Hello World! 2024-12-02 12:45:23.902394'}
2024-12-02 12:45:23,922 - Time: 2024-12-02 12:45:23, Endpoint: /test, Method: POST, Status: Success, Data: {'text': ' Hello World! 2024-12-02 12:45:23.903527'}
2024-12-02 12:45:23,923 - Time: 2024-12-02 12:45:23, Endpoint: /test, Method: POST, Status: Success, Data: {'text': ' Hello World! 2024-12-02 12:45:23.902651'}
2024-12-02 12:45:23,925 - Time: 2024-12-02 12:45:23, Endpoint: /test, Method: POST, Status: Success, Data: {'text': ' Hello World! 2024-12-02 12:45:23.914033'}
2024-12-02 12:45:23,928 - Time: 2024-12-02 12:45:23, Endpoint: /test, Method: POST, Status: Success, Data: {'text': ' Hello World! 2024-12-02 12:45:23.914929'}
2024-12-02 12:45:23,930 - Time: 2024-12-02 12:45:23, Endpoint: /test, Method: POST, Status: Success, Data: {'text': ' Hello World! 2024-12-02 12:45:23.915980'}
2024-12-02 12:45:23,934 - Time: 2024-12-02 12:45:23, Endpoint: /test, Method: POST, Status: Success, Data: {'text': ' Hello World! 2024-12-02 12:45:23.917067'}
2024-12-02 12:45:23,936 - Time: 2024-12-02 12:45:23, Endpoint: /test, Method: POST, Status: Success, Data: {'text': ' Hello World! 2024-12-02 12:45:23.918529'}
2024-12-02 12:45:23,937 - Time: 2024-12-02 12:45:23, Endpoint: /test, Method: POST, Status: Success, Data: {'text': ' Hello World! 2024-12-02 12:45:23.919976'}
2024-12-02 12:45:23,938 - Time: 2024-12-02 12:45:23, Endpoint: /test, Method: POST, Status: Success, Data: {'text': ' Hello World! 2024-12-02 12:45:23.921330'}
2024-12-02 12:45:23,939 - Time: 2024-12-02 12:45:23, Endpoint: /test, Method: POST, Status: Success, Data: {'text': ' Hello World! 2024-12-02 12:45:23.922478'}
2024-12-02 12:45:23,941 - Time: 2024-12-02 12:45:23, Endpoint: /test, Method: POST, Status: Success, Data: {'text': ' Hello World! 2024-12-02 12:45:23.923670'}
2024-12-02 12:45:23,942 - Time: 2024-12-02 12:45:23, Endpoint: /test, Method: POST, Status: Success, Data: {'text': ' Hello World! 2024-12-02 12:45:23.924662'}
2024-12-02 12:45:24,545 - Time: 2024-12-02 12:45:24, Endpoint: /test, Method: POST, Status: Success, Data: {'text': ' Hello World! 2024-12-02 12:45:24.536885'}
2024-12-02 12:45:24,548 - Time: 2024-12-02 12:45:24, Endpoint: /test, Method: POST, Status: Success, Data: {'text': ' Hello World! 2024-12-02 12:45:24.537348'}
2024-12-02 12:45:24,549 - Time: 2024-12-02 12:45:24, Endpoint: /test, Method: POST, Status: Success, Data: {'text': ' Hello World! 2024-12-02 12:45:24.537146'}
2024-12-02 12:45:24,551 - Time: 2024-12-02 12:45:24, Endpoint: /test, Method: POST, Status: Success, Data: {'text': ' Hello World! 2024-12-02 12:45:24.537570'}
2024-12-02 12:45:24,552 - Time: 2024-12-02 12:45:24, Endpoint: /test, Method: POST, Status: Success, Data: {'text': ' Hello World! 2024-12-02 12:45:24.536546'}
2024-12-02 12:45:24,553 - Time: 2024-12-02 12:45:24, Endpoint: /test, Method: POST, Status: Success, Data: {'text': ' Hello World! 2024-12-02 12:45:24.536784'}
2024-12-02 12:45:24,554 - Time: 2024-12-02 12:45:24, Endpoint: /test, Method: POST, Status: Success, Data: {'text': ' Hello World! 2024-12-02 12:45:24.537658'}
2024-12-02 12:45:24,555 - Time: 2024-12-02 12:45:24, Endpoint: /test, Method: POST, Status: Success, Data: {'text': ' Hello World! 2024-12-02 12:45:24.537257'}
2024-12-02 12:45:24,558 - Time: 2024-12-02 12:45:24, Endpoint: /test, Method: POST, Status: Success, Data: {'text': ' Hello World! 2024-12-02 12:45:24.537051'}
2024-12-02 12:45:24,561 - Time: 2024-12-02 12:45:24, Endpoint: /test, Method: POST, Status: Success, Data: {'text': ' Hello World! 2024-12-02 12:45:24.537437'}
2024-12-02 12:45:24,562 - Time: 2024-12-02 12:45:24, Endpoint: /test, Method: POST, Status: Success, Data: {'text': ' Hello World! 2024-12-02 12:45:24.548423'}
2024-12-02 12:45:24,564 - Time: 2024-12-02 12:45:24, Endpoint: /test, Method: POST, Status: Success, Data: {'text': ' Hello World! 2024-12-02 12:45:24.549609'}
2024-12-02 12:45:24,565 - Time: 2024-12-02 12:45:24, Endpoint: /test, Method: POST, Status: Success, Data: {'text': ' Hello World! 2024-12-02 12:45:24.551261'}
2024-12-02 12:45:24,567 - Time: 2024-12-02 12:45:24, Endpoint: /test, Method: POST, Status: Success, Data: {'text': ' Hello World! 2024-12-02 12:45:24.552321'}
2024-12-02 12:45:24,568 - Time: 2024-12-02 12:45:24, Endpoint: /test, Method: POST, Status: Success, Data: {'text': ' Hello World! 2024-12-02 12:45:24.553314'}
2024-12-02 12:45:24,570 - Time: 2024-12-02 12:45:24, Endpoint: /test, Method: POST, Status: Success, Data: {'text': ' Hello World! 2024-12-02 12:45:24.555689'}
2024-12-02 12:45:24,572 - Time: 2024-12-02 12:45:24, Endpoint: /test, Method: POST, Status: Success, Data: {'text': ' Hello World! 2024-12-02 12:45:24.554146'}
2024-12-02 12:45:24,574 - Time: 2024-12-02 12:45:24, Endpoint: /test, Method: POST, Status: Success, Data: {'text': ' Hello World! 2024-12-02 12:45:24.558943'}
2024-12-02 12:45:24,577 - Time: 2024-12-02 12:45:24, Endpoint: /test, Method: POST, Status: Success, Data: {'text': ' Hello World! 2024-12-02 12:45:24.560110'}
2024-12-02 12:45:24,579 - Time: 2024-12-02 12:45:24, Endpoint: /test, Method: POST, Status: Success, Data: {'text': ' Hello World! 2024-12-02 12:45:24.562731'}
2024-12-02 12:45:24,580 - Time: 2024-12-02 12:45:24, Endpoint: /test, Method: POST, Status: Success, Data: {'text': ' Hello World! 2024-12-02 12:45:24.564738'}
2024-12-02 12:45:24,581 - Time: 2024-12-02 12:45:24, Endpoint: /test, Method: POST, Status: Success, Data: {'text': ' Hello World! 2024-12-02 12:45:24.565784'}
2024-12-02 12:45:24,582 - Time: 2024-12-02 12:45:24, Endpoint: /test, Method: POST, Status: Success, Data: {'text': ' Hello World! 2024-12-02 12:45:24.567251'}
2024-12-02 12:45:24,584 - Time: 2024-12-02 12:45:24, Endpoint: /test, Method: POST, Status: Success, Data: {'text': ' Hello World! 2024-12-02 12:45:24.568763'}
2024-12-02 12:45:24,585 - Time: 2024-12-02 12:45:24, Endpoint: /test, Method: POST, Status: Success, Data: {'text': ' Hello World! 2024-12-02 12:45:24.570583'}
2024-12-02 12:45:24,586 - Time: 2024-12-02 12:45:24, Endpoint: /test, Method: POST, Status: Success, Data: {'text': ' Hello World! 2024-12-02 12:45:24.572916'}
2024-12-02 12:45:25,585 - Time: 2024-12-02 12:45:25, Endpoint: /test, Method: POST, Status: Success, Data: {'text': ' Hello World! 2024-12-02 12:45:25.577476'}
2024-12-02 12:45:25,588 - Time: 2024-12-02 12:45:25, Endpoint: /test, Method: POST, Status: Success, Data: {'text': ' Hello World! 2024-12-02 12:45:25.578394'}
2024-12-02 12:45:25,589 - Time: 2024-12-02 12:45:25, Endpoint: /test, Method: POST, Status: Success, Data: {'text': ' Hello World! 2024-12-02 12:45:25.578113'}
2024-12-02 12:45:25,590 - Time: 2024-12-02 12:45:25, Endpoint: /test, Method: POST, Status: Success, Data: {'text': ' Hello World! 2024-12-02 12:45:25.577128'}
2024-12-02 12:45:25,591 - Time: 2024-12-02 12:45:25, Endpoint: /test, Method: POST, Status: Success, Data: {'text': ' Hello World! 2024-12-02 12:45:25.577571'}
2024-12-02 12:45:25,592 - Time: 2024-12-02 12:45:25, Endpoint: /test, Method: POST, Status: Success, Data: {'text': ' Hello World! 2024-12-02 12:45:25.577934'}
2024-12-02 12:45:25,593 - Time: 2024-12-02 12:45:25, Endpoint: /test, Method: POST, Status: Success, Data: {'text': ' Hello World! 2024-12-02 12:45:25.577813'}
2024-12-02 12:45:25,594 - Time: 2024-12-02 12:45:25, Endpoint: /test, Method: POST, Status: Success, Data: {'text': ' Hello World! 2024-12-02 12:45:25.577344'}
2024-12-02 12:45:25,595 - Time: 2024-12-02 12:45:25, Endpoint: /test, Method: POST, Status: Success, Data: {'text': ' Hello World! 2024-12-02 12:45:25.578021'}
2024-12-02 12:45:25,596 - Time: 2024-12-02 12:45:25, Endpoint: /test, Method: POST, Status: Success, Data: {'text': ' Hello World! 2024-12-02 12:45:25.577705'}
2024-12-02 12:45:25,598 - Time: 2024-12-02 12:45:25, Endpoint: /test, Method: POST, Status: Success, Data: {'text': ' Hello World! 2024-12-02 12:45:25.587881'}
2024-12-02 12:45:25,599 - Time: 2024-12-02 12:45:25, Endpoint: /test, Method: POST, Status: Success, Data: {'text': ' Hello World! 2024-12-02 12:45:25.589593'}
2024-12-02 12:45:25,600 - Time: 2024-12-02 12:45:25, Endpoint: /test, Method: POST, Status: Success, Data: {'text': ' Hello World! 2024-12-02 12:45:25.590789'}
2024-12-02 12:45:25,601 - Time: 2024-12-02 12:45:25, Endpoint: /test, Method: POST, Status: Success, Data: {'text': ' Hello World! 2024-12-02 12:45:25.591901'}
2024-12-02 12:45:25,603 - Time: 2024-12-02 12:45:25, Endpoint: /test, Method: POST, Status: Success, Data: {'text': ' Hello World! 2024-12-02 12:45:25.592892'}
2024-12-02 12:45:25,604 - Time: 2024-12-02 12:45:25, Endpoint: /test, Method: POST, Status: Success, Data: {'text': ' Hello World! 2024-12-02 12:45:25.593838'}
2024-12-02 12:45:25,735 - Time: 2024-12-02 12:45:25, Endpoint: /test, Method: POST, Status: Success, Data: {'text': ' Hello World! 2024-12-02 12:45:25.728215'}
2024-12-02 12:45:25,737 - Time: 2024-12-02 12:45:25, Endpoint: /test, Method: POST, Status: Success, Data: {'text': ' Hello World! 2024-12-02 12:45:25.726918'}
2024-12-02 12:45:25,739 - Time: 2024-12-02 12:45:25, Endpoint: /test, Method: POST, Status: Success, Data: {'text': ' Hello World! 2024-12-02 12:45:25.727878'}
2024-12-02 12:45:25,740 - Time: 2024-12-02 12:45:25, Endpoint: /test, Method: POST, Status: Success, Data: {'text': ' Hello World! 2024-12-02 12:45:25.727299'}
2024-12-02 12:45:25,741 - Time: 2024-12-02 12:45:25, Endpoint: /test, Method: POST, Status: Success, Data: {'text': ' Hello World! 2024-12-02 12:45:25.727568'}
2024-12-02 12:45:25,742 - Time: 2024-12-02 12:45:25, Endpoint: /test, Method: POST, Status: Success, Data: {'text': ' Hello World! 2024-12-02 12:45:25.728650'}
2024-12-02 12:45:25,743 - Time: 2024-12-02 12:45:25, Endpoint: /test, Method: POST, Status: Success, Data: {'text': ' Hello World! 2024-12-02 12:45:25.729455'}
2024-12-02 12:45:25,745 - Time: 2024-12-02 12:45:25, Endpoint: /test, Method: POST, Status: Success, Data: {'text': ' Hello World! 2024-12-02 12:45:25.729155'}
2024-12-02 12:45:25,746 - Time: 2024-12-02 12:45:25, Endpoint: /test, Method: POST, Status: Success, Data: {'text': ' Hello World! 2024-12-02 12:45:25.728047'}
2024-12-02 12:45:25,748 - Time: 2024-12-02 12:45:25, Endpoint: /test, Method: POST, Status: Success, Data: {'text': ' Hello World! 2024-12-02 12:45:25.727167'}
2024-12-02 12:45:25,750 - Time: 2024-12-02 12:45:25, Endpoint: /test, Method: POST, Status: Success, Data: {'text': ' Hello World! 2024-12-02 12:45:25.737925'}
2024-12-02 12:45:25,752 - Time: 2024-12-02 12:45:25, Endpoint: /test, Method: POST, Status: Success, Data: {'text': ' Hello World! 2024-12-02 12:45:25.739111'}
2024-12-02 12:45:25,753 - Time: 2024-12-02 12:45:25, Endpoint: /test, Method: POST, Status: Success, Data: {'text': ' Hello World! 2024-12-02 12:45:25.740185'}
2024-12-02 12:45:25,754 - Time: 2024-12-02 12:45:25, Endpoint: /test, Method: POST, Status: Success, Data: {'text': ' Hello World! 2024-12-02 12:45:25.741368'}
2024-12-02 12:45:25,756 - Time: 2024-12-02 12:45:25, Endpoint: /test, Method: POST, Status: Success, Data: {'text': ' Hello World! 2024-12-02 12:45:25.742377'}
2024-12-02 12:45:25,757 - Time: 2024-12-02 12:45:25, Endpoint: /test, Method: POST, Status: Success, Data: {'text': ' Hello World! 2024-12-02 12:45:25.743810'}
2024-12-02 12:45:25,758 - Time: 2024-12-02 12:45:25, Endpoint: /test, Method: POST, Status: Success, Data: {'text': ' Hello World! 2024-12-02 12:45:25.744915'}
2024-12-02 12:45:25,759 - Time: 2024-12-02 12:45:25, Endpoint: /test, Method: POST, Status: Success, Data: {'text': ' Hello World! 2024-12-02 12:45:25.746637'}
2024-12-02 12:45:25,761 - Time: 2024-12-02 12:45:25, Endpoint: /test, Method: POST, Status: Success, Data: {'text': ' Hello World! 2024-12-02 12:45:25.748102'}
2024-12-02 12:45:25,763 - Time: 2024-12-02 12:45:25, Endpoint: /test, Method: POST, Status: Success, Data: {'text': ' Hello World! 2024-12-02 12:45:25.749637'}
2024-12-02 12:45:25,764 - Time: 2024-12-02 12:45:25, Endpoint: /test, Method: POST, Status: Success, Data: {'text': ' Hello World! 2024-12-02 12:45:25.752519'}
2024-12-02 12:45:25,765 - Time: 2024-12-02 12:45:25, Endpoint: /test, Method: POST, Status: Success, Data: {'text': ' Hello World! 2024-12-02 12:45:25.753575'}
2024-12-02 12:45:25,766 - Time: 2024-12-02 12:45:25, Endpoint: /test, Method: POST, Status: Success, Data: {'text': ' Hello World! 2024-12-02 12:45:25.754995'}
2024-12-02 12:45:25,768 - Time: 2024-12-02 12:45:25, Endpoint: /test, Method: POST, Status: Success, Data: {'text': ' Hello World! 2024-12-02 12:45:25.756116'}
2024-12-02 12:45:25,769 - Time: 2024-12-02 12:45:25, Endpoint: /test, Method: POST, Status: Success, Data: {'text': ' Hello World! 2024-12-02 12:45:25.757142'}
2024-12-02 12:45:25,770 - Time: 2024-12-02 12:45:25, Endpoint: /test, Method: POST, Status: Success, Data: {'text': ' Hello World! 2024-12-02 12:45:25.758514'}
2024-12-02 12:45:25,771 - Time: 2024-12-02 12:45:25, Endpoint: /test, Method: POST, Status: Success, Data: {'text': ' Hello World! 2024-12-02 12:45:25.759958'}
2024-12-02 12:45:25,773 - Time: 2024-12-02 12:45:25, Endpoint: /test, Method: POST, Status: Success, Data: {'text': ' Hello World! 2024-12-02 12:45:25.761147'}
2024-12-02 12:45:25,775 - Time: 2024-12-02 12:45:25, Endpoint: /test, Method: POST, Status: Success, Data: {'text': ' Hello World! 2024-12-02 12:45:25.762557'}
2024-12-02 12:45:25,776 - Time: 2024-12-02 12:45:25, Endpoint: /test, Method: POST, Status: Success, Data: {'text': ' Hello World! 2024-12-02 12:45:25.764635'}
2024-12-02 12:45:25,928 - Time: 2024-12-02 12:45:25, Endpoint: /test, Method: POST, Status: Success, Data: {'text': ' Hello World! 2024-12-02 12:45:25.920683'}
2024-12-02 12:45:25,932 - Time: 2024-12-02 12:45:25, Endpoint: /test, Method: POST, Status: Success, Data: {'text': ' Hello World! 2024-12-02 12:45:25.920954'}
2024-12-02 12:45:25,934 - Time: 2024-12-02 12:45:25, Endpoint: /test, Method: POST, Status: Success, Data: {'text': ' Hello World! 2024-12-02 12:45:25.921453'}
2024-12-02 12:45:25,935 - Time: 2024-12-02 12:45:25, Endpoint: /test, Method: POST, Status: Success, Data: {'text': ' Hello World! 2024-12-02 12:45:25.921684'}
2024-12-02 12:45:25,936 - Time: 2024-12-02 12:45:25, Endpoint: /test, Method: POST, Status: Success, Data: {'text': ' Hello World! 2024-12-02 12:45:25.921080'}
2024-12-02 12:45:25,937 - Time: 2024-12-02 12:45:25, Endpoint: /test, Method: POST, Status: Success, Data: {'text': ' Hello World! 2024-12-02 12:45:25.921210'}
2024-12-02 12:45:25,941 - Time: 2024-12-02 12:45:25, Endpoint: /test, Method: POST, Status: Success, Data: {'text': ' Hello World! 2024-12-02 12:45:25.921348'}
2024-12-02 12:45:25,942 - Time: 2024-12-02 12:45:25, Endpoint: /test, Method: POST, Status: Success, Data: {'text': ' Hello World! 2024-12-02 12:45:25.920485'}
2024-12-02 12:45:25,944 - Time: 2024-12-02 12:45:25, Endpoint: /test, Method: POST, Status: Success, Data: {'text': ' Hello World! 2024-12-02 12:45:25.921561'}
2024-12-02 12:45:25,945 - Time: 2024-12-02 12:45:25, Endpoint: /test, Method: POST, Status: Success, Data: {'text': ' Hello World! 2024-12-02 12:45:25.920847'}
2024-12-02 12:45:25,950 - Time: 2024-12-02 12:45:25, Endpoint: /test, Method: POST, Status: Success, Data: {'text': ' Hello World! 2024-12-02 12:45:25.932975'}
2024-12-02 12:45:25,952 - Time: 2024-12-02 12:45:25, Endpoint: /test, Method: POST, Status: Success, Data: {'text': ' Hello World! 2024-12-02 12:45:25.934048'}
2024-12-02 12:45:25,953 - Time: 2024-12-02 12:45:25, Endpoint: /test, Method: POST, Status: Success, Data: {'text': ' Hello World! 2024-12-02 12:45:25.935362'}
2024-12-02 12:45:25,955 - Time: 2024-12-02 12:45:25, Endpoint: /test, Method: POST, Status: Success, Data: {'text': ' Hello World! 2024-12-02 12:45:25.936492'}
2024-12-02 12:45:25,956 - Time: 2024-12-02 12:45:25, Endpoint: /test, Method: POST, Status: Success, Data: {'text': ' Hello World! 2024-12-02 12:45:25.937442'}
2024-12-02 12:45:25,957 - Time: 2024-12-02 12:45:25, Endpoint: /test, Method: POST, Status: Success, Data: {'text': ' Hello World! 2024-12-02 12:45:25.941187'}
2024-12-02 12:45:25,958 - Time: 2024-12-02 12:45:25, Endpoint: /test, Method: POST, Status: Success, Data: {'text': ' Hello World! 2024-12-02 12:45:25.942609'}
2024-12-02 12:45:25,960 - Time: 2024-12-02 12:45:25, Endpoint: /test, Method: POST, Status: Success, Data: {'text': ' Hello World! 2024-12-02 12:45:25.943586'}
2024-12-02 12:45:25,962 - Time: 2024-12-02 12:45:25, Endpoint: /test, Method: POST, Status: Success, Data: {'text': ' Hello World! 2024-12-02 12:45:25.945455'}
2024-12-02 12:45:25,963 - Time: 2024-12-02 12:45:25, Endpoint: /test, Method: POST, Status: Success, Data: {'text': ' Hello World! 2024-12-02 12:45:25.950697'}
2024-12-02 12:45:25,964 - Time: 2024-12-02 12:45:25, Endpoint: /test, Method: POST, Status: Success, Data: {'text': ' Hello World! 2024-12-02 12:45:25.952305'}
2024-12-02 12:45:26,284 - Time: 2024-12-02 12:45:26, Endpoint: /test, Method: POST, Status: Success, Data: {'text': ' Hello World! 2024-12-02 12:45:26.277278'}
2024-12-02 12:45:26,288 - Time: 2024-12-02 12:45:26, Endpoint: /test, Method: POST, Status: Success, Data: {'text': ' Hello World! 2024-12-02 12:45:26.276647'}
2024-12-02 12:45:26,290 - Time: 2024-12-02 12:45:26, Endpoint: /test, Method: POST, Status: Success, Data: {'text': ' Hello World! 2024-12-02 12:45:26.277035'}
2024-12-02 12:45:26,291 - Time: 2024-12-02 12:45:26, Endpoint: /test, Method: POST, Status: Success, Data: {'text': ' Hello World! 2024-12-02 12:45:26.276497'}
2024-12-02 12:45:26,292 - Time: 2024-12-02 12:45:26, Endpoint: /test, Method: POST, Status: Success, Data: {'text': ' Hello World! 2024-12-02 12:45:26.277150'}
2024-12-02 12:45:26,295 - Time: 2024-12-02 12:45:26, Endpoint: /test, Method: POST, Status: Success, Data: {'text': ' Hello World! 2024-12-02 12:45:26.276749'}
2024-12-02 12:45:26,296 - Time: 2024-12-02 12:45:26, Endpoint: /test, Method: POST, Status: Success, Data: {'text': ' Hello World! 2024-12-02 12:45:26.276889'}
2024-12-02 12:45:26,297 - Time: 2024-12-02 12:45:26, Endpoint: /test, Method: POST, Status: Success, Data: {'text': ' Hello World! 2024-12-02 12:45:26.277487'}
2024-12-02 12:45:26,298 - Time: 2024-12-02 12:45:26, Endpoint: /test, Method: POST, Status: Success, Data: {'text': ' Hello World! 2024-12-02 12:45:26.276211'}
2024-12-02 12:45:26,299 - Time: 2024-12-02 12:45:26, Endpoint: /test, Method: POST, Status: Success, Data: {'text': ' Hello World! 2024-12-02 12:45:26.277393'}
2024-12-02 12:45:33,995 - Time: 2024-12-02 12:45:33, Endpoint: /test, Method: POST, Status: Success, Data: {'text': ' Hello World! 2024-12-02 12:45:33.984767'}
2024-12-02 12:45:33,999 - Time: 2024-12-02 12:45:33, Endpoint: /test, Method: POST, Status: Success, Data: {'text': ' Hello World! 2024-12-02 12:45:33.984581'}
2024-12-02 12:45:34,013 - Time: 2024-12-02 12:45:34, Endpoint: /test, Method: POST, Status: Success, Data: {'text': ' Hello World! 2024-12-02 12:45:33.984318'}
2024-12-02 12:45:34,015 - Time: 2024-12-02 12:45:34, Endpoint: /test, Method: POST, Status: Success, Data: {'text': ' Hello World! 2024-12-02 12:45:33.985015'}
2024-12-02 12:45:34,018 - Time: 2024-12-02 12:45:34, Endpoint: /test, Method: POST, Status: Success, Data: {'text': ' Hello World! 2024-12-02 12:45:33.984469'}
2024-12-02 12:45:34,019 - Time: 2024-12-02 12:45:34, Endpoint: /test, Method: POST, Status: Success, Data: {'text': ' Hello World! 2024-12-02 12:45:33.984667'}
2024-12-02 12:45:34,020 - Time: 2024-12-02 12:45:34, Endpoint: /test, Method: POST, Status: Success, Data: {'text': ' Hello World! 2024-12-02 12:45:33.984159'}
2024-12-02 12:45:34,021 - Time: 2024-12-02 12:45:34, Endpoint: /test, Method: POST, Status: Success, Data: {'text': ' Hello World! 2024-12-02 12:45:33.983764'}
2024-12-02 12:45:34,023 - Time: 2024-12-02 12:45:34, Endpoint: /test, Method: POST, Status: Success, Data: {'text': ' Hello World! 2024-12-02 12:45:33.984052'}
2024-12-02 12:45:34,024 - Time: 2024-12-02 12:45:34, Endpoint: /test, Method: POST, Status: Success, Data: {'text': ' Hello World! 2024-12-02 12:45:33.983955'}
2024-12-02 12:45:34,025 - Time: 2024-12-02 12:45:34, Endpoint: /test, Method: POST, Status: Success, Data: {'text': ' Hello World! 2024-12-02 12:45:33.999340'}
2024-12-02 12:45:34,026 - Time: 2024-12-02 12:45:34, Endpoint: /test, Method: POST, Status: Success, Data: {'text': ' Hello World! 2024-12-02 12:45:34.012973'}
2024-12-02 12:45:34,028 - Time: 2024-12-02 12:45:34, Endpoint: /test, Method: POST, Status: Success, Data: {'text': ' Hello World! 2024-12-02 12:45:34.015293'}
2024-12-02 12:45:34,029 - Time: 2024-12-02 12:45:34, Endpoint: /test, Method: POST, Status: Success, Data: {'text': ' Hello World! 2024-12-02 12:45:34.018168'}
2024-12-02 12:45:34,030 - Time: 2024-12-02 12:45:34, Endpoint: /test, Method: POST, Status: Success, Data: {'text': ' Hello World! 2024-12-02 12:45:34.019552'}
2024-12-02 12:45:34,031 - Time: 2024-12-02 12:45:34, Endpoint: /test, Method: POST, Status: Success, Data: {'text': ' Hello World! 2024-12-02 12:45:34.020658'}
2024-12-02 12:45:34,034 - Time: 2024-12-02 12:45:34, Endpoint: /test, Method: POST, Status: Success, Data: {'text': ' Hello World! 2024-12-02 12:45:34.021801'}
2024-12-02 12:45:34,036 - Time: 2024-12-02 12:45:34, Endpoint: /test, Method: POST, Status: Success, Data: {'text': ' Hello World! 2024-12-02 12:45:34.022778'}
2024-12-02 12:45:34,037 - Time: 2024-12-02 12:45:34, Endpoint: /test, Method: POST, Status: Success, Data: {'text': ' Hello World! 2024-12-02 12:45:34.024461'}
2024-12-02 12:45:34,039 - Time: 2024-12-02 12:45:34, Endpoint: /test, Method: POST, Status: Success, Data: {'text': ' Hello World! 2024-12-02 12:45:34.025617'}
2024-12-02 12:45:34,040 - Time: 2024-12-02 12:45:34, Endpoint: /test, Method: POST, Status: Success, Data: {'text': ' Hello World! 2024-12-02 12:45:34.026699'}
2024-12-02 12:45:34,041 - Time: 2024-12-02 12:45:34, Endpoint: /test, Method: POST, Status: Success, Data: {'text': ' Hello World! 2024-12-02 12:45:34.028108'}
2024-12-02 12:45:34,042 - Time: 2024-12-02 12:45:34, Endpoint: /test, Method: POST, Status: Success, Data: {'text': ' Hello World! 2024-12-02 12:45:34.029319'}
2024-12-02 12:45:34,044 - Time: 2024-12-02 12:45:34, Endpoint: /test, Method: POST, Status: Success, Data: {'text': ' Hello World! 2024-12-02 12:45:34.030639'}
2024-12-02 12:45:34,045 - Time: 2024-12-02 12:45:34, Endpoint: /test, Method: POST, Status: Success, Data: {'text': ' Hello World! 2024-12-02 12:45:34.031775'}
2024-12-02 12:45:34,046 - Time: 2024-12-02 12:45:34, Endpoint: /test, Method: POST, Status: Success, Data: {'text': ' Hello World! 2024-12-02 12:45:34.032813'}
2024-12-02 12:45:34,912 - Time: 2024-12-02 12:45:34, Endpoint: /test, Method: POST, Status: Success, Data: {'text': ' Hello World! 2024-12-02 12:45:34.905759'}
2024-12-02 12:45:34,915 - Time: 2024-12-02 12:45:34, Endpoint: /test, Method: POST, Status: Success, Data: {'text': ' Hello World! 2024-12-02 12:45:34.905431'}
2024-12-02 12:45:34,916 - Time: 2024-12-02 12:45:34, Endpoint: /test, Method: POST, Status: Success, Data: {'text': ' Hello World! 2024-12-02 12:45:34.906107'}
2024-12-02 12:45:34,917 - Time: 2024-12-02 12:45:34, Endpoint: /test, Method: POST, Status: Success, Data: {'text': ' Hello World! 2024-12-02 12:45:34.905652'}
2024-12-02 12:45:34,918 - Time: 2024-12-02 12:45:34, Endpoint: /test, Method: POST, Status: Success, Data: {'text': ' Hello World! 2024-12-02 12:45:34.905557'}
2024-12-02 12:45:34,919 - Time: 2024-12-02 12:45:34, Endpoint: /test, Method: POST, Status: Success, Data: {'text': ' Hello World! 2024-12-02 12:45:34.905173'}
2024-12-02 12:45:34,920 - Time: 2024-12-02 12:45:34, Endpoint: /test, Method: POST, Status: Success, Data: {'text': ' Hello World! 2024-12-02 12:45:34.906186'}
2024-12-02 12:45:34,921 - Time: 2024-12-02 12:45:34, Endpoint: /test, Method: POST, Status: Success, Data: {'text': ' Hello World! 2024-12-02 12:45:34.906028'}
2024-12-02 12:45:34,924 - Time: 2024-12-02 12:45:34, Endpoint: /test, Method: POST, Status: Success, Data: {'text': ' Hello World! 2024-12-02 12:45:34.905922'}
2024-12-02 12:45:39,100 - Time: 2024-12-02 12:45:39, Endpoint: /test, Method: POST, Status: Success, Data: {'text': ' Hello World! 2024-12-02 12:45:39.095116'}
2024-12-02 12:45:39,765 - Time: 2024-12-02 12:45:39, Endpoint: /test, Method: POST, Status: Success, Data: {'text': ' Hello World! 2024-12-02 12:45:39.757215'}
2024-12-02 12:45:39,767 - Time: 2024-12-02 12:45:39, Endpoint: /test, Method: POST, Status: Success, Data: {'text': ' Hello World! 2024-12-02 12:45:39.756653'}
2024-12-02 12:45:39,768 - Time: 2024-12-02 12:45:39, Endpoint: /test, Method: POST, Status: Success, Data: {'text': ' Hello World! 2024-12-02 12:45:39.756548'}
2024-12-02 12:45:39,770 - Time: 2024-12-02 12:45:39, Endpoint: /test, Method: POST, Status: Success, Data: {'text': ' Hello World! 2024-12-02 12:45:39.756434'}
2024-12-02 12:45:39,771 - Time: 2024-12-02 12:45:39, Endpoint: /test, Method: POST, Status: Success, Data: {'text': ' Hello World! 2024-12-02 12:45:39.756746'}
2024-12-02 12:45:39,772 - Time: 2024-12-02 12:45:39, Endpoint: /test, Method: POST, Status: Success, Data: {'text': ' Hello World! 2024-12-02 12:45:39.757050'}
2024-12-02 12:45:39,774 - Time: 2024-12-02 12:45:39, Endpoint: /test, Method: POST, Status: Success, Data: {'text': ' Hello World! 2024-12-02 12:45:39.757465'}
2024-12-02 12:45:39,776 - Time: 2024-12-02 12:45:39, Endpoint: /test, Method: POST, Status: Success, Data: {'text': ' Hello World! 2024-12-02 12:45:39.756944'}
2024-12-02 12:45:39,777 - Time: 2024-12-02 12:45:39, Endpoint: /test, Method: POST, Status: Success, Data: {'text': ' Hello World! 2024-12-02 12:45:39.756224'}
2024-12-02 12:45:39,778 - Time: 2024-12-02 12:45:39, Endpoint: /test, Method: POST, Status: Success, Data: {'text': ' Hello World! 2024-12-02 12:45:39.757139'}
2024-12-02 12:45:39,780 - Time: 2024-12-02 12:45:39, Endpoint: /test, Method: POST, Status: Success, Data: {'text': ' Hello World! 2024-12-02 12:45:39.767205'}
2024-12-02 12:45:40,410 - Time: 2024-12-02 12:45:40, Endpoint: /test, Method: POST, Status: Success, Data: {'text': ' Hello World! 2024-12-02 12:45:40.402425'}
2024-12-02 12:45:40,411 - Time: 2024-12-02 12:45:40, Endpoint: /test, Method: POST, Status: Success, Data: {'text': ' Hello World! 2024-12-02 12:45:40.402639'}
2024-12-02 12:45:40,412 - Time: 2024-12-02 12:45:40, Endpoint: /test, Method: POST, Status: Success, Data: {'text': ' Hello World! 2024-12-02 12:45:40.401783'}
2024-12-02 12:45:40,413 - Time: 2024-12-02 12:45:40, Endpoint: /test, Method: POST, Status: Success, Data: {'text': ' Hello World! 2024-12-02 12:45:40.402844'}
2024-12-02 12:45:40,415 - Time: 2024-12-02 12:45:40, Endpoint: /test, Method: POST, Status: Success, Data: {'text': ' Hello World! 2024-12-02 12:45:40.403284'}
2024-12-02 12:45:40,416 - Time: 2024-12-02 12:45:40, Endpoint: /test, Method: POST, Status: Success, Data: {'text': ' Hello World! 2024-12-02 12:45:40.401909'}
2024-12-02 12:45:40,417 - Time: 2024-12-02 12:45:40, Endpoint: /test, Method: POST, Status: Success, Data: {'text': ' Hello World! 2024-12-02 12:45:40.401498'}
2024-12-02 12:45:40,417 - Time: 2024-12-02 12:45:40, Endpoint: /test, Method: POST, Status: Success, Data: {'text': ' Hello World! 2024-12-02 12:45:40.402098'}
2024-12-02 12:45:40,418 - Time: 2024-12-02 12:45:40, Endpoint: /test, Method: POST, Status: Success, Data: {'text': ' Hello World! 2024-12-02 12:45:40.402334'}
2024-12-02 12:45:40,420 - Time: 2024-12-02 12:45:40, Endpoint: /test, Method: POST, Status: Success, Data: {'text': ' Hello World! 2024-12-02 12:45:40.402206'}
2024-12-02 12:45:40,421 - Time: 2024-12-02 12:45:40, Endpoint: /test, Method: POST, Status: Success, Data: {'text': ' Hello World! 2024-12-02 12:45:40.411734'}
2024-12-02 12:45:40,422 - Time: 2024-12-02 12:45:40, Endpoint: /test, Method: POST, Status: Success, Data: {'text': ' Hello World! 2024-12-02 12:45:40.412640'}
2024-12-02 12:45:40,424 - Time: 2024-12-02 12:45:40, Endpoint: /test, Method: POST, Status: Success, Data: {'text': ' Hello World! 2024-12-02 12:45:40.413788'}
2024-12-02 12:45:40,425 - Time: 2024-12-02 12:45:40, Endpoint: /test, Method: POST, Status: Success, Data: {'text': ' Hello World! 2024-12-02 12:45:40.414782'}
2024-12-02 12:45:40,427 - Time: 2024-12-02 12:45:40, Endpoint: /test, Method: POST, Status: Success, Data: {'text': ' Hello World! 2024-12-02 12:45:40.416071'}
2024-12-02 12:45:40,429 - Time: 2024-12-02 12:45:40, Endpoint: /test, Method: POST, Status: Success, Data: {'text': ' Hello World! 2024-12-02 12:45:40.417066'}
2024-12-02 12:45:40,436 - Time: 2024-12-02 12:45:40, Endpoint: /test, Method: POST, Status: Success, Data: {'text': ' Hello World! 2024-12-02 12:45:40.418056'}
2024-12-02 12:45:40,438 - Time: 2024-12-02 12:45:40, Endpoint: /test, Method: POST, Status: Success, Data: {'text': ' Hello World! 2024-12-02 12:45:40.419760'}
2024-12-02 12:45:40,440 - Time: 2024-12-02 12:45:40, Endpoint: /test, Method: POST, Status: Success, Data: {'text': ' Hello World! 2024-12-02 12:45:40.418782'}
2024-12-02 12:45:40,442 - Time: 2024-12-02 12:45:40, Endpoint: /test, Method: POST, Status: Success, Data: {'text': ' Hello World! 2024-12-02 12:45:40.425826'}
2024-12-02 12:45:40,443 - Time: 2024-12-02 12:45:40, Endpoint: /test, Method: POST, Status: Success, Data: {'text': ' Hello World! 2024-12-02 12:45:40.429853'}
2024-12-02 12:45:40,444 - Time: 2024-12-02 12:45:40, Endpoint: /test, Method: POST, Status: Success, Data: {'text': ' Hello World! 2024-12-02 12:45:40.427308'}
2024-12-02 12:45:40,446 - Time: 2024-12-02 12:45:40, Endpoint: /test, Method: POST, Status: Success, Data: {'text': ' Hello World! 2024-12-02 12:45:40.421085'}
2024-12-02 12:45:40,447 - Time: 2024-12-02 12:45:40, Endpoint: /test, Method: POST, Status: Success, Data: {'text': ' Hello World! 2024-12-02 12:45:40.422285'}
2024-12-02 12:45:40,449 - Time: 2024-12-02 12:45:40, Endpoint: /test, Method: POST, Status: Success, Data: {'text': ' Hello World! 2024-12-02 12:45:40.424142'}
2024-12-02 12:45:43,144 - Time: 2024-12-02 12:45:43, Endpoint: /test, Method: POST, Status: Success, Data: {'text': ' Hello World! 2024-12-02 12:45:43.137094'}
2024-12-02 12:45:43,146 - Time: 2024-12-02 12:45:43, Endpoint: /test, Method: POST, Status: Success, Data: {'text': ' Hello World! 2024-12-02 12:45:43.136692'}
2024-12-02 12:45:43,147 - Time: 2024-12-02 12:45:43, Endpoint: /test, Method: POST, Status: Success, Data: {'text': ' Hello World! 2024-12-02 12:45:43.136150'}
2024-12-02 12:45:43,148 - Time: 2024-12-02 12:45:43, Endpoint: /test, Method: POST, Status: Success, Data: {'text': ' Hello World! 2024-12-02 12:45:43.135773'}
2024-12-02 12:45:43,150 - Time: 2024-12-02 12:45:43, Endpoint: /test, Method: POST, Status: Success, Data: {'text': ' Hello World! 2024-12-02 12:45:43.136563'}
2024-12-02 12:45:43,151 - Time: 2024-12-02 12:45:43, Endpoint: /test, Method: POST, Status: Success, Data: {'text': ' Hello World! 2024-12-02 12:45:43.136018'}
2024-12-02 12:45:43,153 - Time: 2024-12-02 12:45:43, Endpoint: /test, Method: POST, Status: Success, Data: {'text': ' Hello World! 2024-12-02 12:45:43.136379'}
2024-12-02 12:45:43,154 - Time: 2024-12-02 12:45:43, Endpoint: /test, Method: POST, Status: Success, Data: {'text': ' Hello World! 2024-12-02 12:45:43.136772'}
2024-12-02 12:45:43,155 - Time: 2024-12-02 12:45:43, Endpoint: /test, Method: POST, Status: Success, Data: {'text': ' Hello World! 2024-12-02 12:45:43.136286'}
2024-12-02 12:45:43,157 - Time: 2024-12-02 12:45:43, Endpoint: /test, Method: POST, Status: Success, Data: {'text': ' Hello World! 2024-12-02 12:45:43.136852'}
2024-12-02 12:45:43,158 - Time: 2024-12-02 12:45:43, Endpoint: /test, Method: POST, Status: Success, Data: {'text': ' Hello World! 2024-12-02 12:45:43.146816'}
2024-12-02 12:45:43,170 - Time: 2024-12-02 12:45:43, Endpoint: /test, Method: POST, Status: Success, Data: {'text': ' Hello World! 2024-12-02 12:45:43.147805'}
2024-12-02 12:45:43,177 - Time: 2024-12-02 12:45:43, Endpoint: /test, Method: POST, Status: Success, Data: {'text': ' Hello World! 2024-12-02 12:45:43.148728'}
2024-12-02 12:45:43,182 - Time: 2024-12-02 12:45:43, Endpoint: /test, Method: POST, Status: Success, Data: {'text': ' Hello World! 2024-12-02 12:45:43.149975'}
2024-12-02 12:45:43,187 - Time: 2024-12-02 12:45:43, Endpoint: /test, Method: POST, Status: Success, Data: {'text': ' Hello World! 2024-12-02 12:45:43.151437'}
2024-12-02 12:45:43,191 - Time: 2024-12-02 12:45:43, Endpoint: /test, Method: POST, Status: Success, Data: {'text': ' Hello World! 2024-12-02 12:45:43.153053'}
2024-12-02 12:45:43,196 - Time: 2024-12-02 12:45:43, Endpoint: /test, Method: POST, Status: Success, Data: {'text': ' Hello World! 2024-12-02 12:45:43.154251'}
2024-12-02 12:45:43,197 - Time: 2024-12-02 12:45:43, Endpoint: /test, Method: POST, Status: Success, Data: {'text': ' Hello World! 2024-12-02 12:45:43.155813'}
2024-12-02 12:45:43,199 - Time: 2024-12-02 12:45:43, Endpoint: /test, Method: POST, Status: Success, Data: {'text': ' Hello World! 2024-12-02 12:45:43.157131'}
2024-12-02 12:45:43,200 - Time: 2024-12-02 12:45:43, Endpoint: /test, Method: POST, Status: Success, Data: {'text': ' Hello World! 2024-12-02 12:45:43.158219'}
2024-12-02 12:45:43,201 - Time: 2024-12-02 12:45:43, Endpoint: /test, Method: POST, Status: Success, Data: {'text': ' Hello World! 2024-12-02 12:45:43.169148'}
2024-12-02 12:45:43,203 - Time: 2024-12-02 12:45:43, Endpoint: /test, Method: POST, Status: Success, Data: {'text': ' Hello World! 2024-12-02 12:45:43.176943'}
2024-12-02 12:45:43,205 - Time: 2024-12-02 12:45:43, Endpoint: /test, Method: POST, Status: Success, Data: {'text': ' Hello World! 2024-12-02 12:45:43.182089'}
2024-12-02 12:45:43,206 - Time: 2024-12-02 12:45:43, Endpoint: /test, Method: POST, Status: Success, Data: {'text': ' Hello World! 2024-12-02 12:45:43.186775'}
2024-12-02 12:45:43,210 - Time: 2024-12-02 12:45:43, Endpoint: /test, Method: POST, Status: Success, Data: {'text': ' Hello World! 2024-12-02 12:45:43.190786'}
2024-12-02 12:45:43,213 - Time: 2024-12-02 12:45:43, Endpoint: /test, Method: POST, Status: Success, Data: {'text': ' Hello World! 2024-12-02 12:45:43.195985'}
2024-12-02 12:45:43,215 - Time: 2024-12-02 12:45:43, Endpoint: /test, Method: POST, Status: Success, Data: {'text': ' Hello World! 2024-12-02 12:45:43.197751'}
2024-12-02 12:45:43,216 - Time: 2024-12-02 12:45:43, Endpoint: /test, Method: POST, Status: Success, Data: {'text': ' Hello World! 2024-12-02 12:45:43.199009'}
2024-12-02 12:45:43,217 - Time: 2024-12-02 12:45:43, Endpoint: /test, Method: POST, Status: Success, Data: {'text': ' Hello World! 2024-12-02 12:45:43.199970'}
2024-12-02 12:45:43,742 - Time: 2024-12-02 12:45:43, Endpoint: /test, Method: POST, Status: Success, Data: {'text': ' Hello World! 2024-12-02 12:45:43.732050'}
2024-12-02 12:45:43,746 - Time: 2024-12-02 12:45:43, Endpoint: /test, Method: POST, Status: Success, Data: {'text': ' Hello World! 2024-12-02 12:45:43.734411'}
2024-12-02 12:45:43,747 - Time: 2024-12-02 12:45:43, Endpoint: /test, Method: POST, Status: Success, Data: {'text': ' Hello World! 2024-12-02 12:45:43.732953'}
2024-12-02 12:45:43,751 - Time: 2024-12-02 12:45:43, Endpoint: /test, Method: POST, Status: Success, Data: {'text': ' Hello World! 2024-12-02 12:45:43.732258'}
2024-12-02 12:45:43,753 - Time: 2024-12-02 12:45:43, Endpoint: /test, Method: POST, Status: Success, Data: {'text': ' Hello World! 2024-12-02 12:45:43.732480'}
2024-12-02 12:45:43,755 - Time: 2024-12-02 12:45:43, Endpoint: /test, Method: POST, Status: Success, Data: {'text': ' Hello World! 2024-12-02 12:45:43.732708'}
2024-12-02 12:45:43,756 - Time: 2024-12-02 12:45:43, Endpoint: /test, Method: POST, Status: Success, Data: {'text': ' Hello World! 2024-12-02 12:45:43.732610'}
2024-12-02 12:45:43,757 - Time: 2024-12-02 12:45:43, Endpoint: /test, Method: POST, Status: Success, Data: {'text': ' Hello World! 2024-12-02 12:45:43.731761'}
2024-12-02 12:45:43,758 - Time: 2024-12-02 12:45:43, Endpoint: /test, Method: POST, Status: Success, Data: {'text': ' Hello World! 2024-12-02 12:45:43.733354'}
2024-12-02 12:45:43,759 - Time: 2024-12-02 12:45:43, Endpoint: /test, Method: POST, Status: Success, Data: {'text': ' Hello World! 2024-12-02 12:45:43.732152'}
2024-12-02 12:45:43,761 - Time: 2024-12-02 12:45:43, Endpoint: /test, Method: POST, Status: Success, Data: {'text': ' Hello World! 2024-12-02 12:45:43.746116'}
2024-12-02 12:45:43,763 - Time: 2024-12-02 12:45:43, Endpoint: /test, Method: POST, Status: Success, Data: {'text': ' Hello World! 2024-12-02 12:45:43.747714'}
2024-12-02 12:45:43,765 - Time: 2024-12-02 12:45:43, Endpoint: /test, Method: POST, Status: Success, Data: {'text': ' Hello World! 2024-12-02 12:45:43.750909'}
2024-12-02 12:45:43,766 - Time: 2024-12-02 12:45:43, Endpoint: /test, Method: POST, Status: Success, Data: {'text': ' Hello World! 2024-12-02 12:45:43.753034'}
2024-12-02 12:45:43,767 - Time: 2024-12-02 12:45:43, Endpoint: /test, Method: POST, Status: Success, Data: {'text': ' Hello World! 2024-12-02 12:45:43.755099'}
2024-12-02 12:45:43,769 - Time: 2024-12-02 12:45:43, Endpoint: /test, Method: POST, Status: Success, Data: {'text': ' Hello World! 2024-12-02 12:45:43.756397'}
2024-12-02 12:45:43,770 - Time: 2024-12-02 12:45:43, Endpoint: /test, Method: POST, Status: Success, Data: {'text': ' Hello World! 2024-12-02 12:45:43.757484'}
2024-12-02 12:45:43,772 - Time: 2024-12-02 12:45:43, Endpoint: /test, Method: POST, Status: Success, Data: {'text': ' Hello World! 2024-12-02 12:45:43.758364'}
2024-12-02 12:45:43,773 - Time: 2024-12-02 12:45:43, Endpoint: /test, Method: POST, Status: Success, Data: {'text': ' Hello World! 2024-12-02 12:45:43.759317'}
2024-12-02 12:45:43,774 - Time: 2024-12-02 12:45:43, Endpoint: /test, Method: POST, Status: Success, Data: {'text': ' Hello World! 2024-12-02 12:45:43.760375'}
2024-12-02 12:45:43,777 - Time: 2024-12-02 12:45:43, Endpoint: /test, Method: POST, Status: Success, Data: {'text': ' Hello World! 2024-12-02 12:45:43.763160'}
2024-12-02 12:45:43,778 - Time: 2024-12-02 12:45:43, Endpoint: /test, Method: POST, Status: Success, Data: {'text': ' Hello World! 2024-12-02 12:45:43.764785'}
2024-12-02 12:45:43,779 - Time: 2024-12-02 12:45:43, Endpoint: /test, Method: POST, Status: Success, Data: {'text': ' Hello World! 2024-12-02 12:45:43.766265'}
2024-12-02 12:45:44,218 - Time: 2024-12-02 12:45:44, Endpoint: /test, Method: POST, Status: Success, Data: {'text': ' Hello World! 2024-12-02 12:45:44.211304'}
2024-12-02 12:45:44,222 - Time: 2024-12-02 12:45:44, Endpoint: /test, Method: POST, Status: Success, Data: {'text': ' Hello World! 2024-12-02 12:45:44.210947'}
2024-12-02 12:45:44,223 - Time: 2024-12-02 12:45:44, Endpoint: /test, Method: POST, Status: Success, Data: {'text': ' Hello World! 2024-12-02 12:45:44.211205'}
2024-12-02 12:45:44,224 - Time: 2024-12-02 12:45:44, Endpoint: /test, Method: POST, Status: Success, Data: {'text': ' Hello World! 2024-12-02 12:45:44.211599'}
2024-12-02 12:45:44,226 - Time: 2024-12-02 12:45:44, Endpoint: /test, Method: POST, Status: Success, Data: {'text': ' Hello World! 2024-12-02 12:45:44.211460'}
2024-12-02 12:45:44,849 - Time: 2024-12-02 12:45:44, Endpoint: /test, Method: POST, Status: Success, Data: {'text': ' Hello World! 2024-12-02 12:45:44.839003'}
2024-12-02 12:45:44,867 - Time: 2024-12-02 12:45:44, Endpoint: /test, Method: POST, Status: Success, Data: {'text': ' Hello World! 2024-12-02 12:45:44.839663'}
2024-12-02 12:45:44,872 - Time: 2024-12-02 12:45:44, Endpoint: /test, Method: POST, Status: Success, Data: {'text': ' Hello World! 2024-12-02 12:45:44.839157'}
2024-12-02 12:45:44,874 - Time: 2024-12-02 12:45:44, Endpoint: /test, Method: POST, Status: Success, Data: {'text': ' Hello World! 2024-12-02 12:45:44.839564'}
2024-12-02 12:45:44,876 - Time: 2024-12-02 12:45:44, Endpoint: /test, Method: POST, Status: Success, Data: {'text': ' Hello World! 2024-12-02 12:45:44.840094'}
2024-12-02 12:45:44,879 - Time: 2024-12-02 12:45:44, Endpoint: /test, Method: POST, Status: Success, Data: {'text': ' Hello World! 2024-12-02 12:45:44.838640'}
2024-12-02 12:45:44,880 - Time: 2024-12-02 12:45:44, Endpoint: /test, Method: POST, Status: Success, Data: {'text': ' Hello World! 2024-12-02 12:45:44.839976'}
2024-12-02 12:45:44,881 - Time: 2024-12-02 12:45:44, Endpoint: /test, Method: POST, Status: Success, Data: {'text': ' Hello World! 2024-12-02 12:45:44.839409'}
2024-12-02 12:45:44,882 - Time: 2024-12-02 12:45:44, Endpoint: /test, Method: POST, Status: Success, Data: {'text': ' Hello World! 2024-12-02 12:45:44.839265'}
2024-12-02 12:45:44,884 - Time: 2024-12-02 12:45:44, Endpoint: /test, Method: POST, Status: Success, Data: {'text': ' Hello World! 2024-12-02 12:45:44.839866'}
2024-12-02 12:45:44,885 - Time: 2024-12-02 12:45:44, Endpoint: /test, Method: POST, Status: Success, Data: {'text': ' Hello World! 2024-12-02 12:45:44.856888'}
2024-12-02 12:45:44,887 - Time: 2024-12-02 12:45:44, Endpoint: /test, Method: POST, Status: Success, Data: {'text': ' Hello World! 2024-12-02 12:45:44.872054'}
2024-12-02 12:45:44,888 - Time: 2024-12-02 12:45:44, Endpoint: /test, Method: POST, Status: Success, Data: {'text': ' Hello World! 2024-12-02 12:45:44.874594'}
2024-12-02 12:48:25,603 -  * Detected change in '/Users/victorhuang/Documents/ECS235A/ECS235-Project/main.py', reloading
2024-12-02 12:48:25,735 -  * Restarting with stat
2024-12-02 12:54:00,206 -  * Restarting with stat
2024-12-02 12:54:00,555 -  * Debugger is active!
2024-12-02 12:54:00,561 -  * Debugger PIN: 163-663-454
2024-12-02 12:54:21,963 -  * Detected change in '/Users/victorhuang/Documents/ECS235A/ECS235-Project/main.py', reloading
2024-12-02 12:54:22,010 -  * Restarting with stat
2024-12-02 12:54:22,820 -  * Debugger is active!
2024-12-02 12:54:22,825 -  * Debugger PIN: 163-663-454
2024-12-02 12:54:30,971 -  * Detected change in '/Users/victorhuang/Documents/ECS235A/ECS235-Project/main.py', reloading
2024-12-02 12:54:31,030 -  * Restarting with stat
2024-12-02 12:54:31,401 -  * Debugger is active!
2024-12-02 12:54:31,405 -  * Debugger PIN: 163-663-454
2024-12-02 12:54:34,467 -  * Detected change in '/Users/victorhuang/Documents/ECS235A/ECS235-Project/main.py', reloading
2024-12-02 12:54:34,512 -  * Restarting with stat
2024-12-02 12:54:34,772 -  * Debugger is active!
2024-12-02 12:54:34,776 -  * Debugger PIN: 163-663-454
2024-12-02 12:55:49,015 -  * Detected change in '/Users/victorhuang/Documents/ECS235A/ECS235-Project/main.py', reloading
2024-12-02 12:55:49,075 -  * Restarting with stat
2024-12-02 12:55:49,472 -  * Debugger is active!
2024-12-02 12:55:49,476 -  * Debugger PIN: 163-663-454
2024-12-02 12:55:51,519 -  * Detected change in '/Users/victorhuang/Documents/ECS235A/ECS235-Project/main.py', reloading
2024-12-02 12:55:51,569 -  * Restarting with stat
2024-12-02 12:56:17,435 -  * Restarting with stat
2024-12-02 12:56:17,691 -  * Debugger is active!
2024-12-02 12:56:17,697 -  * Debugger PIN: 163-663-454
2024-12-02 12:56:41,987 -  * Restarting with stat
2024-12-02 12:56:42,253 -  * Debugger is active!
2024-12-02 12:56:42,257 -  * Debugger PIN: 163-663-454
2024-12-02 12:56:43,266 - Time: 2024-12-02 12:56:43, Endpoint: /test, Method: POST, Status: Success, Data: {'text': ' Hello World! 2024-12-02 12:56:43.257100'}
2024-12-02 12:56:43,293 - Time: 2024-12-02 12:56:43, Endpoint: /test, Method: POST, Status: Success, Data: {'text': ' Hello World! 2024-12-02 12:56:43.257652'}
2024-12-02 12:56:43,298 - Time: 2024-12-02 12:56:43, Endpoint: /test, Method: POST, Status: Success, Data: {'text': ' Hello World! 2024-12-02 12:56:43.257371'}
2024-12-02 12:56:43,305 - Time: 2024-12-02 12:56:43, Endpoint: /test, Method: POST, Status: Success, Data: {'text': ' Hello World! 2024-12-02 12:56:43.257474'}
2024-12-02 12:56:43,321 - Time: 2024-12-02 12:56:43, Endpoint: /test, Method: POST, Status: Success, Data: {'text': ' Hello World! 2024-12-02 12:56:43.257256'}
2024-12-02 12:56:43,327 - Time: 2024-12-02 12:56:43, Endpoint: /test, Method: POST, Status: Success, Data: {'text': ' Hello World! 2024-12-02 12:56:43.257790'}
2024-12-02 12:56:43,337 - Time: 2024-12-02 12:56:43, Endpoint: /test, Method: POST, Status: Success, Data: {'text': ' Hello World! 2024-12-02 12:56:43.257554'}
2024-12-02 12:56:43,344 - Time: 2024-12-02 12:56:43, Endpoint: /test, Method: POST, Status: Success, Data: {'text': ' Hello World! 2024-12-02 12:56:43.257166'}
2024-12-02 12:56:43,376 - Time: 2024-12-02 12:56:43, Endpoint: /test, Method: POST, Status: Success, Data: {'text': ' Hello World! 2024-12-02 12:56:43.256802'}
2024-12-02 12:56:43,387 - Time: 2024-12-02 12:56:43, Endpoint: /test, Method: POST, Status: Success, Data: {'text': ' Hello World! 2024-12-02 12:56:43.257011'}
2024-12-02 12:56:43,389 - Time: 2024-12-02 12:56:43, Endpoint: /test, Method: POST, Status: Success, Data: {'text': ' Hello World! 2024-12-02 12:56:43.293859'}
2024-12-02 12:56:43,390 - Time: 2024-12-02 12:56:43, Endpoint: /test, Method: POST, Status: Success, Data: {'text': ' Hello World! 2024-12-02 12:56:43.298687'}
2024-12-02 12:56:43,391 - Time: 2024-12-02 12:56:43, Endpoint: /test, Method: POST, Status: Success, Data: {'text': ' Hello World! 2024-12-02 12:56:43.303481'}
2024-12-02 12:56:43,393 - Time: 2024-12-02 12:56:43, Endpoint: /test, Method: POST, Status: Success, Data: {'text': ' Hello World! 2024-12-02 12:56:43.321533'}
2024-12-02 12:56:43,399 - Time: 2024-12-02 12:56:43, Endpoint: /test, Method: POST, Status: Success, Data: {'text': ' Hello World! 2024-12-02 12:56:43.327157'}
2024-12-02 12:56:43,406 - Time: 2024-12-02 12:56:43, Endpoint: /test, Method: POST, Status: Success, Data: {'text': ' Hello World! 2024-12-02 12:56:43.336952'}
2024-12-02 12:56:43,411 - Time: 2024-12-02 12:56:43, Endpoint: /test, Method: POST, Status: Success, Data: {'text': ' Hello World! 2024-12-02 12:56:43.344687'}
2024-12-02 12:56:43,414 - Time: 2024-12-02 12:56:43, Endpoint: /test, Method: POST, Status: Success, Data: {'text': ' Hello World! 2024-12-02 12:56:43.381026'}
2024-12-02 12:56:43,415 - Time: 2024-12-02 12:56:43, Endpoint: /test, Method: POST, Status: Success, Data: {'text': ' Hello World! 2024-12-02 12:56:43.387542'}
2024-12-02 12:56:43,417 - Time: 2024-12-02 12:56:43, Endpoint: /test, Method: POST, Status: Success, Data: {'text': ' Hello World! 2024-12-02 12:56:43.389217'}
2024-12-02 12:57:47,620 -  * Restarting with stat
2024-12-02 12:57:47,882 -  * Debugger is active!
2024-12-02 12:57:47,886 -  * Debugger PIN: 163-663-454
2024-12-02 12:58:31,826 -  * Detected change in '/Users/victorhuang/Documents/ECS235A/ECS235-Project/main.py', reloading
2024-12-02 12:58:32,253 -  * Restarting with stat
2024-12-02 12:58:32,799 -  * Debugger is active!
2024-12-02 12:58:32,804 -  * Debugger PIN: 163-663-454
2024-12-02 12:58:36,476 -  * Restarting with stat
2024-12-02 12:58:36,761 -  * Debugger is active!
2024-12-02 12:58:36,765 -  * Debugger PIN: 163-663-454
2024-12-02 12:58:59,187 -  * Detected change in '/Users/victorhuang/Documents/ECS235A/ECS235-Project/main.py', reloading
2024-12-02 12:58:59,241 -  * Restarting with stat
2024-12-02 12:58:59,657 -  * Debugger is active!
2024-12-02 12:58:59,663 -  * Debugger PIN: 163-663-454
2024-12-02 12:59:33,248 -  * Detected change in '/Users/victorhuang/Documents/ECS235A/ECS235-Project/main.py', reloading
2024-12-02 12:59:33,324 -  * Restarting with stat
2024-12-02 12:59:33,676 -  * Debugger is active!
2024-12-02 12:59:33,680 -  * Debugger PIN: 163-663-454
2024-12-02 12:59:35,725 -  * Detected change in '/Users/victorhuang/Documents/ECS235A/ECS235-Project/main.py', reloading
2024-12-02 12:59:35,789 -  * Restarting with stat
2024-12-02 12:59:36,078 -  * Debugger is active!
2024-12-02 12:59:36,083 -  * Debugger PIN: 163-663-454
2024-12-02 12:59:38,126 -  * Detected change in '/Users/victorhuang/Documents/ECS235A/ECS235-Project/main.py', reloading
2024-12-02 12:59:38,194 -  * Restarting with stat
2024-12-02 12:59:50,101 -  * Restarting with stat
2024-12-02 12:59:50,351 -  * Debugger is active!
2024-12-02 12:59:50,356 -  * Debugger PIN: 163-663-454
